mode: set
gophkeeper/internal/app/context.go:14.72,16.2 1 1
gophkeeper/internal/app/context.go:19.67,23.2 3 1
gophkeeper/cmd/client/main.go:23.13,31.37 5 0
gophkeeper/cmd/client/main.go:31.37,31.51 1 0
gophkeeper/cmd/client/main.go:36.2,36.46 1 0
gophkeeper/cmd/client/main.go:36.46,38.3 1 0
gophkeeper/cmd/client/main.go:41.75,42.39 1 1
gophkeeper/cmd/client/main.go:42.39,44.3 1 1
gophkeeper/cmd/client/main.go:46.2,46.9 1 1
gophkeeper/cmd/client/main.go:47.23,48.17 1 1
gophkeeper/cmd/client/main.go:48.17,51.4 2 1
gophkeeper/cmd/client/main.go:52.20,52.20 0 0
gophkeeper/cmd/client/main.go:55.2,55.39 1 1
gophkeeper/cmd/server/main.go:23.13,30.37 4 0
gophkeeper/cmd/server/main.go:30.37,30.51 1 0
gophkeeper/cmd/server/main.go:34.2,34.38 1 0
gophkeeper/cmd/server/main.go:34.38,36.3 1 0
gophkeeper/cmd/server/main.go:39.50,40.39 1 1
gophkeeper/cmd/server/main.go:40.39,42.3 1 1
gophkeeper/cmd/server/main.go:43.2,44.39 2 1
gophkeeper/internal/adapters/memory/change_log.go:22.52,24.2 1 1
gophkeeper/internal/adapters/memory/change_log.go:27.91,32.19 4 1
gophkeeper/internal/adapters/memory/change_log.go:32.19,35.3 2 1
gophkeeper/internal/adapters/memory/change_log.go:36.2,37.12 2 1
gophkeeper/internal/adapters/memory/change_log.go:41.165,46.19 4 1
gophkeeper/internal/adapters/memory/change_log.go:46.19,48.3 1 1
gophkeeper/internal/adapters/memory/change_log.go:50.2,51.18 2 1
gophkeeper/internal/adapters/memory/change_log.go:51.18,52.76 1 1
gophkeeper/internal/adapters/memory/change_log.go:52.76,54.4 1 1
gophkeeper/internal/adapters/memory/change_log.go:56.2,56.34 1 1
gophkeeper/internal/adapters/memory/change_log.go:56.34,58.3 1 0
gophkeeper/internal/adapters/memory/change_log.go:60.2,61.36 2 1
gophkeeper/internal/adapters/memory/change_log.go:61.36,63.3 1 1
gophkeeper/internal/adapters/memory/change_log.go:65.2,66.90 2 1
gophkeeper/internal/adapters/memory/record_repo.go:25.46,30.2 1 1
gophkeeper/internal/adapters/memory/record_repo.go:33.99,39.16 5 1
gophkeeper/internal/adapters/memory/record_repo.go:39.16,42.3 2 1
gophkeeper/internal/adapters/memory/record_repo.go:43.2,44.20 2 1
gophkeeper/internal/adapters/memory/record_repo.go:48.94,53.26 4 1
gophkeeper/internal/adapters/memory/record_repo.go:53.26,55.3 1 1
gophkeeper/internal/adapters/memory/record_repo.go:56.2,56.26 1 1
gophkeeper/internal/adapters/memory/record_repo.go:60.147,65.19 4 1
gophkeeper/internal/adapters/memory/record_repo.go:65.19,67.3 1 0
gophkeeper/internal/adapters/memory/record_repo.go:69.2,70.22 2 1
gophkeeper/internal/adapters/memory/record_repo.go:70.22,72.46 2 1
gophkeeper/internal/adapters/memory/record_repo.go:72.46,73.12 1 1
gophkeeper/internal/adapters/memory/record_repo.go:75.3,75.60 1 1
gophkeeper/internal/adapters/memory/record_repo.go:75.60,76.12 1 0
gophkeeper/internal/adapters/memory/record_repo.go:78.3,78.70 1 1
gophkeeper/internal/adapters/memory/record_repo.go:78.70,79.12 1 0
gophkeeper/internal/adapters/memory/record_repo.go:81.3,81.70 1 1
gophkeeper/internal/adapters/memory/record_repo.go:81.70,82.12 1 0
gophkeeper/internal/adapters/memory/record_repo.go:84.3,84.42 1 1
gophkeeper/internal/adapters/memory/record_repo.go:87.2,88.15 2 1
gophkeeper/internal/adapters/memory/record_repo.go:88.15,90.3 1 0
gophkeeper/internal/adapters/memory/record_repo.go:91.2,91.27 1 1
gophkeeper/internal/adapters/memory/record_repo.go:91.27,93.3 1 1
gophkeeper/internal/adapters/memory/record_repo.go:95.2,96.50 2 1
gophkeeper/internal/adapters/memory/record_repo.go:96.50,98.3 1 0
gophkeeper/internal/adapters/memory/record_repo.go:100.2,100.59 1 1
gophkeeper/internal/adapters/memory/record_repo.go:104.80,109.26 4 1
gophkeeper/internal/adapters/memory/record_repo.go:109.26,111.3 1 1
gophkeeper/internal/adapters/memory/record_repo.go:112.2,114.12 3 1
gophkeeper/internal/adapters/memory/record_repo.go:117.45,118.29 1 1
gophkeeper/internal/adapters/memory/record_repo.go:118.29,119.19 1 1
gophkeeper/internal/adapters/memory/record_repo.go:119.19,121.4 1 1
gophkeeper/internal/adapters/memory/record_repo.go:123.2,123.14 1 0
gophkeeper/internal/adapters/memory/record_repo.go:126.60,128.65 2 1
gophkeeper/internal/adapters/memory/record_repo.go:128.65,130.3 1 0
gophkeeper/internal/adapters/memory/record_repo.go:131.2,131.71 1 1
gophkeeper/internal/adapters/memory/record_repo.go:131.71,133.3 1 0
gophkeeper/internal/adapters/memory/record_repo.go:134.2,134.39 1 1
gophkeeper/internal/adapters/memory/record_repo.go:134.39,135.52 1 1
gophkeeper/internal/adapters/memory/record_repo.go:135.52,137.4 1 0
gophkeeper/internal/adapters/memory/record_repo.go:139.2,139.49 1 1
gophkeeper/internal/adapters/memory/record_repo.go:139.49,140.103 1 1
gophkeeper/internal/adapters/memory/record_repo.go:140.103,142.4 1 1
gophkeeper/internal/adapters/memory/record_repo.go:144.2,144.14 1 0
gophkeeper/internal/adapters/memory/user_repo.go:24.42,29.2 1 1
gophkeeper/internal/adapters/memory/user_repo.go:32.112,36.48 3 1
gophkeeper/internal/adapters/memory/user_repo.go:36.48,38.3 1 1
gophkeeper/internal/adapters/memory/user_repo.go:40.2,42.18 3 1
gophkeeper/internal/adapters/memory/user_repo.go:46.100,51.9 4 1
gophkeeper/internal/adapters/memory/user_repo.go:51.9,53.3 1 1
gophkeeper/internal/adapters/memory/user_repo.go:54.2,55.44 2 1
gophkeeper/internal/adapters/memory/user_repo.go:59.101,64.9 4 1
gophkeeper/internal/adapters/memory/user_repo.go:64.9,66.3 1 1
gophkeeper/internal/adapters/memory/user_repo.go:67.2,67.44 1 1
gophkeeper/internal/adapters/memory/user_repo.go:71.109,76.9 4 1
gophkeeper/internal/adapters/memory/user_repo.go:76.9,78.3 1 1
gophkeeper/internal/adapters/memory/user_repo.go:79.2,81.12 3 1
gophkeeper/internal/adapters/postgres/change_log_repo.go:18.62,20.2 1 1
gophkeeper/internal/adapters/postgres/change_log_repo.go:23.93,25.16 2 1
gophkeeper/internal/adapters/postgres/change_log_repo.go:25.16,27.3 1 0
gophkeeper/internal/adapters/postgres/change_log_repo.go:28.2,29.16 2 1
gophkeeper/internal/adapters/postgres/change_log_repo.go:29.16,31.3 1 0
gophkeeper/internal/adapters/postgres/change_log_repo.go:33.2,37.12 2 1
gophkeeper/internal/adapters/postgres/change_log_repo.go:41.167,43.18 2 1
gophkeeper/internal/adapters/postgres/change_log_repo.go:43.18,44.88 1 1
gophkeeper/internal/adapters/postgres/change_log_repo.go:44.88,46.4 1 0
gophkeeper/internal/adapters/postgres/change_log_repo.go:49.2,56.15 3 1
gophkeeper/internal/adapters/postgres/change_log_repo.go:56.15,58.3 1 1
gophkeeper/internal/adapters/postgres/change_log_repo.go:60.2,61.16 2 1
gophkeeper/internal/adapters/postgres/change_log_repo.go:61.16,63.3 1 0
gophkeeper/internal/adapters/postgres/change_log_repo.go:64.2,68.18 4 1
gophkeeper/internal/adapters/postgres/change_log_repo.go:68.18,74.152 6 1
gophkeeper/internal/adapters/postgres/change_log_repo.go:74.152,76.4 1 0
gophkeeper/internal/adapters/postgres/change_log_repo.go:77.3,81.17 5 1
gophkeeper/internal/adapters/postgres/change_log_repo.go:81.17,83.4 1 0
gophkeeper/internal/adapters/postgres/change_log_repo.go:84.3,86.17 3 1
gophkeeper/internal/adapters/postgres/change_log_repo.go:86.17,88.4 1 0
gophkeeper/internal/adapters/postgres/change_log_repo.go:89.3,89.36 1 1
gophkeeper/internal/adapters/postgres/change_log_repo.go:91.2,91.35 1 1
gophkeeper/internal/adapters/postgres/change_log_repo.go:91.35,93.3 1 0
gophkeeper/internal/adapters/postgres/change_log_repo.go:95.2,96.23 2 1
gophkeeper/internal/adapters/postgres/change_log_repo.go:96.23,98.3 1 0
gophkeeper/internal/adapters/postgres/change_log_repo.go:99.2,99.33 1 1
gophkeeper/internal/adapters/postgres/codec.go:10.59,12.2 1 1
gophkeeper/internal/adapters/postgres/codec.go:14.58,15.19 1 1
gophkeeper/internal/adapters/postgres/codec.go:15.19,17.3 1 1
gophkeeper/internal/adapters/postgres/codec.go:18.2,19.51 2 1
gophkeeper/internal/adapters/postgres/codec.go:19.51,21.3 1 0
gophkeeper/internal/adapters/postgres/codec.go:22.2,22.18 1 1
gophkeeper/internal/adapters/postgres/codec.go:25.90,26.20 1 1
gophkeeper/internal/adapters/postgres/codec.go:26.20,28.3 1 1
gophkeeper/internal/adapters/postgres/codec.go:30.2,30.33 1 1
gophkeeper/internal/adapters/postgres/codec.go:31.32,32.29 1 0
gophkeeper/internal/adapters/postgres/codec.go:33.33,34.29 1 0
gophkeeper/internal/adapters/postgres/codec.go:35.26,36.29 1 1
gophkeeper/internal/adapters/postgres/codec.go:37.27,38.29 1 0
gophkeeper/internal/adapters/postgres/codec.go:39.28,40.29 1 0
gophkeeper/internal/adapters/postgres/codec.go:41.29,42.29 1 0
gophkeeper/internal/adapters/postgres/codec.go:43.30,44.29 1 0
gophkeeper/internal/adapters/postgres/codec.go:45.31,46.29 1 0
gophkeeper/internal/adapters/postgres/codec.go:47.10,48.23 1 1
gophkeeper/internal/adapters/postgres/codec.go:48.23,50.4 1 1
gophkeeper/internal/adapters/postgres/codec.go:51.3,51.31 1 0
gophkeeper/internal/adapters/postgres/codec.go:55.86,56.19 1 1
gophkeeper/internal/adapters/postgres/codec.go:56.19,58.3 1 1
gophkeeper/internal/adapters/postgres/codec.go:60.2,60.20 1 1
gophkeeper/internal/adapters/postgres/codec.go:61.35,63.55 2 0
gophkeeper/internal/adapters/postgres/codec.go:63.55,65.4 1 0
gophkeeper/internal/adapters/postgres/codec.go:66.3,66.22 1 0
gophkeeper/internal/adapters/postgres/codec.go:67.29,69.55 2 1
gophkeeper/internal/adapters/postgres/codec.go:69.55,71.4 1 0
gophkeeper/internal/adapters/postgres/codec.go:72.3,72.22 1 1
gophkeeper/internal/adapters/postgres/codec.go:73.31,75.55 2 0
gophkeeper/internal/adapters/postgres/codec.go:75.55,77.4 1 0
gophkeeper/internal/adapters/postgres/codec.go:78.3,78.22 1 0
gophkeeper/internal/adapters/postgres/codec.go:79.33,81.55 2 0
gophkeeper/internal/adapters/postgres/codec.go:81.55,83.4 1 0
gophkeeper/internal/adapters/postgres/codec.go:84.3,84.22 1 0
gophkeeper/internal/adapters/postgres/codec.go:85.10,86.48 1 1
gophkeeper/internal/adapters/postgres/db.go:16.48,17.84 1 1
gophkeeper/internal/adapters/postgres/db.go:17.84,19.3 1 1
gophkeeper/internal/adapters/postgres/db.go:20.2,20.27 1 1
gophkeeper/internal/adapters/postgres/db.go:20.27,22.3 1 1
gophkeeper/internal/adapters/postgres/db.go:24.2,25.16 2 0
gophkeeper/internal/adapters/postgres/db.go:25.16,27.3 1 0
gophkeeper/internal/adapters/postgres/db.go:29.2,31.44 3 0
gophkeeper/internal/adapters/postgres/db.go:31.44,34.3 2 0
gophkeeper/internal/adapters/postgres/db.go:36.2,36.16 1 0
gophkeeper/internal/adapters/postgres/record_repo.go:20.56,22.2 1 1
gophkeeper/internal/adapters/postgres/record_repo.go:25.101,27.16 2 1
gophkeeper/internal/adapters/postgres/record_repo.go:27.16,29.3 1 0
gophkeeper/internal/adapters/postgres/record_repo.go:30.2,31.16 2 1
gophkeeper/internal/adapters/postgres/record_repo.go:31.16,33.3 1 0
gophkeeper/internal/adapters/postgres/record_repo.go:35.2,47.16 2 1
gophkeeper/internal/adapters/postgres/record_repo.go:47.16,49.3 1 0
gophkeeper/internal/adapters/postgres/record_repo.go:50.2,50.20 1 1
gophkeeper/internal/adapters/postgres/record_repo.go:54.96,66.131 7 1
gophkeeper/internal/adapters/postgres/record_repo.go:66.131,67.36 1 0
gophkeeper/internal/adapters/postgres/record_repo.go:67.36,69.4 1 0
gophkeeper/internal/adapters/postgres/record_repo.go:70.3,70.30 1 0
gophkeeper/internal/adapters/postgres/record_repo.go:72.2,72.13 1 1
gophkeeper/internal/adapters/postgres/record_repo.go:72.13,74.3 1 0
gophkeeper/internal/adapters/postgres/record_repo.go:76.2,80.16 4 1
gophkeeper/internal/adapters/postgres/record_repo.go:80.16,82.3 1 0
gophkeeper/internal/adapters/postgres/record_repo.go:83.2,86.16 3 1
gophkeeper/internal/adapters/postgres/record_repo.go:86.16,88.3 1 0
gophkeeper/internal/adapters/postgres/record_repo.go:90.2,90.20 1 1
gophkeeper/internal/adapters/postgres/record_repo.go:94.149,102.28 4 1
gophkeeper/internal/adapters/postgres/record_repo.go:102.28,104.3 1 1
gophkeeper/internal/adapters/postgres/record_repo.go:105.2,105.23 1 1
gophkeeper/internal/adapters/postgres/record_repo.go:105.23,109.3 3 1
gophkeeper/internal/adapters/postgres/record_repo.go:110.2,113.16 3 1
gophkeeper/internal/adapters/postgres/record_repo.go:113.16,115.3 1 0
gophkeeper/internal/adapters/postgres/record_repo.go:117.2,117.57 1 1
gophkeeper/internal/adapters/postgres/record_repo.go:121.82,125.16 2 1
gophkeeper/internal/adapters/postgres/record_repo.go:125.16,127.3 1 0
gophkeeper/internal/adapters/postgres/record_repo.go:128.2,129.16 2 1
gophkeeper/internal/adapters/postgres/record_repo.go:129.16,131.3 1 0
gophkeeper/internal/adapters/postgres/record_repo.go:132.2,132.18 1 1
gophkeeper/internal/adapters/postgres/record_repo.go:132.18,134.3 1 1
gophkeeper/internal/adapters/postgres/record_repo.go:135.2,135.12 1 1
gophkeeper/internal/adapters/postgres/record_repo.go:138.29,140.2 1 1
gophkeeper/internal/adapters/postgres/record_repo.go:142.45,143.29 1 1
gophkeeper/internal/adapters/postgres/record_repo.go:143.29,144.19 1 1
gophkeeper/internal/adapters/postgres/record_repo.go:144.19,146.4 1 1
gophkeeper/internal/adapters/postgres/record_repo.go:148.2,148.14 1 0
gophkeeper/internal/adapters/postgres/record_repo.go:151.60,153.65 2 1
gophkeeper/internal/adapters/postgres/record_repo.go:153.65,155.3 1 1
gophkeeper/internal/adapters/postgres/record_repo.go:156.2,156.71 1 1
gophkeeper/internal/adapters/postgres/record_repo.go:156.71,158.3 1 0
gophkeeper/internal/adapters/postgres/record_repo.go:159.2,159.39 1 1
gophkeeper/internal/adapters/postgres/record_repo.go:159.39,160.52 1 1
gophkeeper/internal/adapters/postgres/record_repo.go:160.52,162.4 1 0
gophkeeper/internal/adapters/postgres/record_repo.go:164.2,164.49 1 1
gophkeeper/internal/adapters/postgres/record_repo.go:164.49,165.103 1 1
gophkeeper/internal/adapters/postgres/record_repo.go:165.103,167.4 1 1
gophkeeper/internal/adapters/postgres/record_repo.go:169.2,169.14 1 1
gophkeeper/internal/adapters/postgres/record_repo.go:180.82,182.34 2 1
gophkeeper/internal/adapters/postgres/record_repo.go:182.34,185.3 2 0
gophkeeper/internal/adapters/postgres/record_repo.go:187.2,187.21 1 1
gophkeeper/internal/adapters/postgres/record_repo.go:187.21,193.136 6 1
gophkeeper/internal/adapters/postgres/record_repo.go:193.136,196.4 2 0
gophkeeper/internal/adapters/postgres/record_repo.go:197.3,197.43 1 1
gophkeeper/internal/adapters/postgres/record_repo.go:197.43,198.12 1 0
gophkeeper/internal/adapters/postgres/record_repo.go:200.3,203.17 4 1
gophkeeper/internal/adapters/postgres/record_repo.go:203.17,206.4 2 0
gophkeeper/internal/adapters/postgres/record_repo.go:207.3,209.17 3 1
gophkeeper/internal/adapters/postgres/record_repo.go:209.17,212.4 2 0
gophkeeper/internal/adapters/postgres/record_repo.go:213.3,213.70 1 1
gophkeeper/internal/adapters/postgres/record_repo.go:213.70,214.12 1 0
gophkeeper/internal/adapters/postgres/record_repo.go:216.3,216.70 1 1
gophkeeper/internal/adapters/postgres/record_repo.go:216.70,217.12 1 0
gophkeeper/internal/adapters/postgres/record_repo.go:219.3,219.33 1 1
gophkeeper/internal/adapters/postgres/record_repo.go:219.33,221.12 2 1
gophkeeper/internal/adapters/postgres/record_repo.go:223.3,223.59 1 1
gophkeeper/internal/adapters/postgres/record_repo.go:223.59,226.4 2 0
gophkeeper/internal/adapters/postgres/record_repo.go:227.3,229.27 3 1
gophkeeper/internal/adapters/postgres/record_repo.go:232.2,232.38 1 1
gophkeeper/internal/adapters/postgres/record_repo.go:232.38,235.3 2 0
gophkeeper/internal/adapters/postgres/record_repo.go:236.2,237.25 2 1
gophkeeper/internal/adapters/postgres/record_repo.go:240.41,241.15 1 1
gophkeeper/internal/adapters/postgres/record_repo.go:241.15,243.3 1 1
gophkeeper/internal/adapters/postgres/record_repo.go:244.2,245.24 2 1
gophkeeper/internal/adapters/postgres/user_repo.go:19.52,21.2 1 1
gophkeeper/internal/adapters/postgres/user_repo.go:24.114,29.16 2 1
gophkeeper/internal/adapters/postgres/user_repo.go:29.16,30.29 1 1
gophkeeper/internal/adapters/postgres/user_repo.go:30.29,32.4 1 1
gophkeeper/internal/adapters/postgres/user_repo.go:33.3,33.28 1 0
gophkeeper/internal/adapters/postgres/user_repo.go:35.2,35.18 1 1
gophkeeper/internal/adapters/postgres/user_repo.go:39.102,47.35 4 1
gophkeeper/internal/adapters/postgres/user_repo.go:47.35,49.3 1 1
gophkeeper/internal/adapters/postgres/user_repo.go:50.2,50.16 1 0
gophkeeper/internal/adapters/postgres/user_repo.go:50.16,52.3 1 0
gophkeeper/internal/adapters/postgres/user_repo.go:53.2,53.24 1 0
gophkeeper/internal/adapters/postgres/user_repo.go:57.103,65.35 4 1
gophkeeper/internal/adapters/postgres/user_repo.go:65.35,67.3 1 0
gophkeeper/internal/adapters/postgres/user_repo.go:68.2,68.16 1 1
gophkeeper/internal/adapters/postgres/user_repo.go:68.16,70.3 1 0
gophkeeper/internal/adapters/postgres/user_repo.go:71.2,71.24 1 1
gophkeeper/internal/adapters/postgres/user_repo.go:75.111,79.16 2 1
gophkeeper/internal/adapters/postgres/user_repo.go:79.16,81.3 1 0
gophkeeper/internal/adapters/postgres/user_repo.go:82.2,83.16 2 1
gophkeeper/internal/adapters/postgres/user_repo.go:83.16,85.3 1 0
gophkeeper/internal/adapters/postgres/user_repo.go:86.2,86.18 1 1
gophkeeper/internal/adapters/postgres/user_repo.go:86.18,88.3 1 1
gophkeeper/internal/adapters/postgres/user_repo.go:89.2,89.12 1 1
gophkeeper/internal/adapters/postgres/user_repo.go:92.40,94.28 2 1
gophkeeper/internal/adapters/postgres/user_repo.go:94.28,96.3 1 1
gophkeeper/internal/adapters/postgres/user_repo.go:97.2,97.14 1 0
gophkeeper/internal/adapters/persistence/module.go:34.74,35.24 1 1
gophkeeper/internal/adapters/persistence/module.go:35.24,36.18 1 1
gophkeeper/internal/adapters/persistence/module.go:36.18,38.4 1 1
gophkeeper/internal/adapters/persistence/module.go:39.3,39.47 1 1
gophkeeper/internal/adapters/persistence/module.go:41.2,41.20 1 1
gophkeeper/internal/adapters/persistence/module.go:44.78,45.24 1 1
gophkeeper/internal/adapters/persistence/module.go:45.24,46.18 1 1
gophkeeper/internal/adapters/persistence/module.go:46.18,48.4 1 1
gophkeeper/internal/adapters/persistence/module.go:49.3,49.49 1 1
gophkeeper/internal/adapters/persistence/module.go:51.2,51.20 1 1
gophkeeper/internal/adapters/persistence/module.go:54.84,55.24 1 1
gophkeeper/internal/adapters/persistence/module.go:55.24,56.18 1 1
gophkeeper/internal/adapters/persistence/module.go:56.18,58.4 1 1
gophkeeper/internal/adapters/persistence/module.go:59.3,59.52 1 1
gophkeeper/internal/adapters/persistence/module.go:61.2,61.20 1 1
gophkeeper/internal/adapters/persistence/module.go:64.42,66.2 1 1
gophkeeper/internal/buildinfo/buildinfo.go:17.36,19.2 1 1
gophkeeper/internal/adapters/system/clock.go:10.30,12.2 1 1
gophkeeper/internal/adapters/system/id.go:12.35,16.2 3 1
gophkeeper/internal/adapters/system/module.go:12.16,12.34 1 0
gophkeeper/internal/adapters/system/module.go:16.22,16.46 1 0
gophkeeper/internal/adapters/crypto/module.go:13.25,13.52 1 0
gophkeeper/internal/adapters/crypto/module.go:16.80,18.3 1 0
gophkeeper/internal/adapters/crypto/password.go:18.80,19.20 1 1
gophkeeper/internal/adapters/crypto/password.go:19.20,21.3 1 0
gophkeeper/internal/adapters/crypto/password.go:23.2,24.43 2 1
gophkeeper/internal/adapters/crypto/password.go:24.43,26.3 1 0
gophkeeper/internal/adapters/crypto/password.go:28.2,29.121 2 1
gophkeeper/internal/adapters/crypto/password.go:33.79,35.21 2 1
gophkeeper/internal/adapters/crypto/password.go:35.21,37.3 1 1
gophkeeper/internal/adapters/crypto/password.go:38.2,39.16 2 1
gophkeeper/internal/adapters/crypto/password.go:39.16,41.3 1 0
gophkeeper/internal/adapters/crypto/password.go:42.2,43.16 2 1
gophkeeper/internal/adapters/crypto/password.go:43.16,45.3 1 0
gophkeeper/internal/adapters/crypto/password.go:47.2,48.38 2 1
gophkeeper/internal/adapters/crypto/password.go:48.38,50.3 1 1
gophkeeper/internal/adapters/crypto/password.go:51.2,51.12 1 1
gophkeeper/internal/adapters/crypto/password.go:54.35,55.22 1 1
gophkeeper/internal/adapters/crypto/password.go:55.22,57.3 1 0
gophkeeper/internal/adapters/crypto/password.go:58.2,59.19 2 1
gophkeeper/internal/adapters/crypto/password.go:59.19,61.3 1 1
gophkeeper/internal/adapters/crypto/password.go:62.2,62.18 1 1
gophkeeper/internal/adapters/crypto/token.go:28.73,30.2 1 1
gophkeeper/internal/adapters/crypto/token.go:33.110,34.19 1 1
gophkeeper/internal/adapters/crypto/token.go:34.19,36.3 1 0
gophkeeper/internal/adapters/crypto/token.go:37.2,37.14 1 1
gophkeeper/internal/adapters/crypto/token.go:37.14,39.3 1 0
gophkeeper/internal/adapters/crypto/token.go:41.2,44.16 4 1
gophkeeper/internal/adapters/crypto/token.go:44.16,46.3 1 0
gophkeeper/internal/adapters/crypto/token.go:48.2,53.51 5 1
gophkeeper/internal/adapters/crypto/token.go:57.95,59.21 2 1
gophkeeper/internal/adapters/crypto/token.go:59.21,61.3 1 1
gophkeeper/internal/adapters/crypto/token.go:62.2,66.16 4 1
gophkeeper/internal/adapters/crypto/token.go:66.16,68.3 1 0
gophkeeper/internal/adapters/crypto/token.go:70.2,72.36 3 1
gophkeeper/internal/adapters/crypto/token.go:72.36,74.3 1 1
gophkeeper/internal/adapters/crypto/token.go:76.2,77.16 2 1
gophkeeper/internal/adapters/crypto/token.go:77.16,79.3 1 0
gophkeeper/internal/adapters/crypto/token.go:81.2,82.63 2 1
gophkeeper/internal/adapters/crypto/token.go:82.63,84.3 1 0
gophkeeper/internal/adapters/crypto/token.go:85.2,85.38 1 1
gophkeeper/internal/adapters/crypto/token.go:85.38,87.3 1 1
gophkeeper/internal/adapters/crypto/token.go:89.2,89.88 1 1
gophkeeper/internal/app/auth/module.go:12.188,14.3 1 0
gophkeeper/internal/app/auth/service.go:25.192,34.2 1 1
gophkeeper/internal/app/auth/service.go:37.99,40.35 3 1
gophkeeper/internal/app/auth/service.go:40.35,42.3 1 1
gophkeeper/internal/app/auth/service.go:44.2,44.69 1 1
gophkeeper/internal/app/auth/service.go:44.69,45.24 1 1
gophkeeper/internal/app/auth/service.go:45.24,47.4 1 1
gophkeeper/internal/app/auth/service.go:48.8,48.48 1 1
gophkeeper/internal/app/auth/service.go:48.48,50.3 1 1
gophkeeper/internal/app/auth/service.go:52.2,53.16 2 1
gophkeeper/internal/app/auth/service.go:53.16,55.3 1 1
gophkeeper/internal/app/auth/service.go:57.2,64.16 3 1
gophkeeper/internal/app/auth/service.go:64.16,66.3 1 1
gophkeeper/internal/app/auth/service.go:68.2,68.21 1 1
gophkeeper/internal/app/auth/service.go:72.96,75.35 3 1
gophkeeper/internal/app/auth/service.go:75.35,77.3 1 1
gophkeeper/internal/app/auth/service.go:79.2,80.16 2 1
gophkeeper/internal/app/auth/service.go:80.16,81.41 1 1
gophkeeper/internal/app/auth/service.go:81.41,83.4 1 1
gophkeeper/internal/app/auth/service.go:84.3,84.31 1 1
gophkeeper/internal/app/auth/service.go:87.2,87.62 1 1
gophkeeper/internal/app/auth/service.go:87.62,89.3 1 1
gophkeeper/internal/app/auth/service.go:91.2,92.16 2 1
gophkeeper/internal/app/auth/service.go:92.16,94.3 1 1
gophkeeper/internal/app/auth/service.go:96.2,100.8 1 1
gophkeeper/internal/app/auth/service.go:104.87,106.16 2 1
gophkeeper/internal/app/auth/service.go:106.16,108.3 1 1
gophkeeper/internal/app/auth/service.go:110.2,114.8 1 1
gophkeeper/internal/domain/payloads.go:10.50,10.81 1 1
gophkeeper/internal/domain/payloads.go:18.44,18.69 1 1
gophkeeper/internal/domain/payloads.go:26.46,26.73 1 1
gophkeeper/internal/domain/payloads.go:37.48,37.77 1 1
gophkeeper/internal/logger/gin.go:14.57,15.30 1 1
gophkeeper/internal/logger/gin.go:15.30,19.3 3 1
gophkeeper/internal/logger/logger.go:10.24,12.2 1 1
gophkeeper/internal/logger/middleware.go:17.52,20.2 2 1
gophkeeper/internal/logger/middleware.go:23.51,24.46 1 1
gophkeeper/internal/logger/middleware.go:24.46,25.72 1 1
gophkeeper/internal/logger/middleware.go:25.72,31.4 5 1
gophkeeper/internal/app/auth/keycloak/module.go:15.33,17.3 1 0
gophkeeper/internal/app/auth/keycloak/module.go:18.89,20.3 1 0
gophkeeper/internal/app/auth/keycloak/service.go:33.96,34.19 1 1
gophkeeper/internal/app/auth/keycloak/service.go:34.19,36.3 1 0
gophkeeper/internal/app/auth/keycloak/service.go:37.2,42.3 1 1
gophkeeper/internal/app/auth/keycloak/service.go:46.99,49.35 3 1
gophkeeper/internal/app/auth/keycloak/service.go:49.35,51.3 1 0
gophkeeper/internal/app/auth/keycloak/service.go:53.2,54.16 2 1
gophkeeper/internal/app/auth/keycloak/service.go:54.16,56.3 1 0
gophkeeper/internal/app/auth/keycloak/service.go:58.2,93.16 3 1
gophkeeper/internal/app/auth/keycloak/service.go:93.16,95.3 1 0
gophkeeper/internal/app/auth/keycloak/service.go:96.2,98.44 2 1
gophkeeper/internal/app/auth/keycloak/service.go:98.44,100.3 1 0
gophkeeper/internal/app/auth/keycloak/service.go:101.2,101.43 1 1
gophkeeper/internal/app/auth/keycloak/service.go:101.43,103.3 1 0
gophkeeper/internal/app/auth/keycloak/service.go:105.2,106.16 2 1
gophkeeper/internal/app/auth/keycloak/service.go:106.16,108.3 1 0
gophkeeper/internal/app/auth/keycloak/service.go:110.2,111.16 2 1
gophkeeper/internal/app/auth/keycloak/service.go:111.16,113.3 1 0
gophkeeper/internal/app/auth/keycloak/service.go:114.2,119.16 5 1
gophkeeper/internal/app/auth/keycloak/service.go:119.16,121.3 1 0
gophkeeper/internal/app/auth/keycloak/service.go:122.2,123.50 2 1
gophkeeper/internal/app/auth/keycloak/service.go:123.50,125.3 1 0
gophkeeper/internal/app/auth/keycloak/service.go:127.2,131.8 1 1
gophkeeper/internal/app/auth/keycloak/service.go:135.96,138.35 3 1
gophkeeper/internal/app/auth/keycloak/service.go:138.35,140.3 1 0
gophkeeper/internal/app/auth/keycloak/service.go:142.2,148.16 6 1
gophkeeper/internal/app/auth/keycloak/service.go:148.16,150.3 1 0
gophkeeper/internal/app/auth/keycloak/service.go:152.2,153.16 2 1
gophkeeper/internal/app/auth/keycloak/service.go:153.16,155.3 1 0
gophkeeper/internal/app/auth/keycloak/service.go:157.2,161.8 1 1
gophkeeper/internal/app/auth/keycloak/service.go:165.87,170.16 4 1
gophkeeper/internal/app/auth/keycloak/service.go:170.16,172.3 1 0
gophkeeper/internal/app/auth/keycloak/service.go:173.2,175.38 2 1
gophkeeper/internal/app/auth/keycloak/service.go:175.38,176.49 1 1
gophkeeper/internal/app/auth/keycloak/service.go:176.49,178.4 1 1
gophkeeper/internal/app/auth/keycloak/service.go:179.3,179.47 1 0
gophkeeper/internal/app/auth/keycloak/service.go:182.2,187.65 2 1
gophkeeper/internal/app/auth/keycloak/service.go:187.65,189.3 1 0
gophkeeper/internal/app/auth/keycloak/service.go:190.2,190.36 1 1
gophkeeper/internal/app/auth/keycloak/service.go:190.36,192.3 1 0
gophkeeper/internal/app/auth/keycloak/service.go:194.2,195.18 2 1
gophkeeper/internal/app/auth/keycloak/service.go:195.18,197.3 1 1
gophkeeper/internal/app/auth/keycloak/service.go:199.2,203.8 1 1
gophkeeper/internal/app/auth/keycloak/service.go:206.67,213.2 6 1
gophkeeper/internal/app/auth/keycloak/service.go:215.152,217.16 2 1
gophkeeper/internal/app/auth/keycloak/service.go:217.16,219.3 1 0
gophkeeper/internal/app/auth/keycloak/service.go:220.2,222.38 2 1
gophkeeper/internal/app/auth/keycloak/service.go:222.38,223.111 1 0
gophkeeper/internal/app/auth/keycloak/service.go:223.111,225.4 1 0
gophkeeper/internal/app/auth/keycloak/service.go:226.3,226.36 1 0
gophkeeper/internal/app/auth/keycloak/service.go:229.2,233.65 2 1
gophkeeper/internal/app/auth/keycloak/service.go:233.65,235.3 1 0
gophkeeper/internal/app/auth/keycloak/service.go:236.2,236.28 1 1
gophkeeper/internal/app/auth/keycloak/service.go:236.28,238.3 1 0
gophkeeper/internal/app/auth/keycloak/service.go:239.2,239.46 1 1
gophkeeper/internal/app/auth/keycloak/service.go:242.126,244.16 2 1
gophkeeper/internal/app/auth/keycloak/service.go:244.16,246.3 1 0
gophkeeper/internal/app/auth/keycloak/service.go:248.2,249.16 2 1
gophkeeper/internal/app/auth/keycloak/service.go:249.16,251.3 1 0
gophkeeper/internal/app/auth/keycloak/service.go:252.2,253.17 2 1
gophkeeper/internal/app/auth/keycloak/service.go:253.17,255.3 1 1
gophkeeper/internal/app/auth/keycloak/service.go:257.2,257.25 1 1
gophkeeper/internal/app/auth/keycloak/service.go:260.104,262.16 2 1
gophkeeper/internal/app/auth/keycloak/service.go:262.16,264.3 1 0
gophkeeper/internal/app/auth/keycloak/service.go:265.2,268.16 3 1
gophkeeper/internal/app/auth/keycloak/service.go:268.16,270.3 1 0
gophkeeper/internal/app/auth/keycloak/service.go:271.2,272.38 2 1
gophkeeper/internal/app/auth/keycloak/service.go:272.38,274.3 1 0
gophkeeper/internal/app/auth/keycloak/service.go:276.2,277.68 2 1
gophkeeper/internal/app/auth/keycloak/service.go:277.68,279.3 1 0
gophkeeper/internal/app/auth/keycloak/service.go:280.2,280.21 1 1
gophkeeper/internal/app/auth/keycloak/service.go:283.141,284.20 1 1
gophkeeper/internal/app/auth/keycloak/service.go:284.20,286.3 1 1
gophkeeper/internal/app/auth/keycloak/service.go:287.2,287.24 1 1
gophkeeper/internal/app/auth/keycloak/service.go:287.24,289.3 1 1
gophkeeper/internal/app/auth/keycloak/service.go:291.2,292.16 2 1
gophkeeper/internal/app/auth/keycloak/service.go:292.16,294.3 1 0
gophkeeper/internal/app/auth/keycloak/service.go:295.2,296.25 2 1
gophkeeper/internal/app/auth/keycloak/service.go:299.71,301.2 1 1
gophkeeper/internal/app/auth/keycloak/service.go:303.47,305.23 2 1
gophkeeper/internal/app/auth/keycloak/service.go:305.23,307.3 1 0
gophkeeper/internal/app/auth/keycloak/service.go:308.2,308.100 1 1
gophkeeper/internal/app/auth/keycloak/service.go:311.54,312.20 1 1
gophkeeper/internal/app/auth/keycloak/service.go:312.20,314.3 1 1
gophkeeper/internal/app/auth/keycloak/service.go:315.2,316.41 2 1
gophkeeper/internal/app/auth/keycloak/service.go:316.41,318.3 1 0
gophkeeper/internal/app/auth/keycloak/service.go:319.2,319.30 1 1
gophkeeper/internal/app/auth/keycloak/service.go:322.52,324.20 2 1
gophkeeper/internal/app/auth/keycloak/service.go:324.20,326.3 1 1
gophkeeper/internal/app/auth/keycloak/service.go:327.2,328.16 2 1
gophkeeper/internal/app/auth/keycloak/service.go:328.16,330.3 1 0
gophkeeper/internal/app/auth/keycloak/service.go:331.2,334.57 2 1
gophkeeper/internal/app/auth/keycloak/service.go:334.57,336.3 1 0
gophkeeper/internal/app/auth/keycloak/service.go:337.2,337.22 1 1
gophkeeper/internal/app/auth/keycloak/service.go:337.22,339.3 1 0
gophkeeper/internal/app/auth/keycloak/service.go:340.2,340.24 1 1
gophkeeper/internal/app/authprovider/module.go:19.111,20.53 1 1
gophkeeper/internal/app/authprovider/module.go:20.53,22.3 1 1
gophkeeper/internal/app/authprovider/module.go:23.2,23.14 1 1
gophkeeper/internal/ports/remote/openapi/client.gen.go:200.67,204.2 3 1
gophkeeper/internal/ports/remote/openapi/client.gen.go:207.68,211.2 3 1
gophkeeper/internal/ports/remote/openapi/client.gen.go:214.69,216.16 2 1
gophkeeper/internal/ports/remote/openapi/client.gen.go:216.16,218.3 1 0
gophkeeper/internal/ports/remote/openapi/client.gen.go:220.2,222.12 3 1
gophkeeper/internal/ports/remote/openapi/client.gen.go:226.55,230.2 3 1
gophkeeper/internal/ports/remote/openapi/client.gen.go:233.56,237.2 3 1
gophkeeper/internal/ports/remote/openapi/client.gen.go:240.57,242.16 2 1
gophkeeper/internal/ports/remote/openapi/client.gen.go:242.16,244.3 1 0
gophkeeper/internal/ports/remote/openapi/client.gen.go:246.2,248.12 3 1
gophkeeper/internal/ports/remote/openapi/client.gen.go:252.59,256.2 3 1
gophkeeper/internal/ports/remote/openapi/client.gen.go:259.60,263.2 3 1
gophkeeper/internal/ports/remote/openapi/client.gen.go:266.61,268.16 2 1
gophkeeper/internal/ports/remote/openapi/client.gen.go:268.16,270.3 1 0
gophkeeper/internal/ports/remote/openapi/client.gen.go:272.2,274.12 3 1
gophkeeper/internal/ports/remote/openapi/client.gen.go:278.63,282.2 3 1
gophkeeper/internal/ports/remote/openapi/client.gen.go:285.64,289.2 3 1
gophkeeper/internal/ports/remote/openapi/client.gen.go:292.65,294.16 2 1
gophkeeper/internal/ports/remote/openapi/client.gen.go:294.16,296.3 1 0
gophkeeper/internal/ports/remote/openapi/client.gen.go:298.2,300.12 3 1
gophkeeper/internal/ports/remote/openapi/client.gen.go:303.48,306.2 2 1
gophkeeper/internal/ports/remote/openapi/client.gen.go:308.49,311.2 2 1
gophkeeper/internal/ports/remote/openapi/client.gen.go:344.70,350.25 2 1
gophkeeper/internal/ports/remote/openapi/client.gen.go:350.25,351.36 1 1
gophkeeper/internal/ports/remote/openapi/client.gen.go:351.36,353.4 1 1
gophkeeper/internal/ports/remote/openapi/client.gen.go:356.2,356.44 1 1
gophkeeper/internal/ports/remote/openapi/client.gen.go:356.44,358.3 1 1
gophkeeper/internal/ports/remote/openapi/client.gen.go:360.2,360.26 1 1
gophkeeper/internal/ports/remote/openapi/client.gen.go:360.26,362.3 1 1
gophkeeper/internal/ports/remote/openapi/client.gen.go:363.2,363.21 1 1
gophkeeper/internal/ports/remote/openapi/client.gen.go:368.56,369.31 1 1
gophkeeper/internal/ports/remote/openapi/client.gen.go:369.31,372.3 2 1
gophkeeper/internal/ports/remote/openapi/client.gen.go:377.59,378.31 1 1
gophkeeper/internal/ports/remote/openapi/client.gen.go:378.31,381.3 2 1
gophkeeper/internal/ports/remote/openapi/client.gen.go:422.144,424.16 2 1
gophkeeper/internal/ports/remote/openapi/client.gen.go:424.16,426.3 1 1
gophkeeper/internal/ports/remote/openapi/client.gen.go:427.2,428.61 2 1
gophkeeper/internal/ports/remote/openapi/client.gen.go:428.61,430.3 1 0
gophkeeper/internal/ports/remote/openapi/client.gen.go:431.2,431.25 1 1
gophkeeper/internal/ports/remote/openapi/client.gen.go:434.127,436.16 2 1
gophkeeper/internal/ports/remote/openapi/client.gen.go:436.16,438.3 1 1
gophkeeper/internal/ports/remote/openapi/client.gen.go:439.2,440.61 2 1
gophkeeper/internal/ports/remote/openapi/client.gen.go:440.61,442.3 1 1
gophkeeper/internal/ports/remote/openapi/client.gen.go:443.2,443.25 1 1
gophkeeper/internal/ports/remote/openapi/client.gen.go:446.147,448.16 2 1
gophkeeper/internal/ports/remote/openapi/client.gen.go:448.16,450.3 1 1
gophkeeper/internal/ports/remote/openapi/client.gen.go:451.2,452.61 2 1
gophkeeper/internal/ports/remote/openapi/client.gen.go:452.61,454.3 1 0
gophkeeper/internal/ports/remote/openapi/client.gen.go:455.2,455.25 1 1
gophkeeper/internal/ports/remote/openapi/client.gen.go:458.133,460.16 2 1
gophkeeper/internal/ports/remote/openapi/client.gen.go:460.16,462.3 1 1
gophkeeper/internal/ports/remote/openapi/client.gen.go:463.2,464.61 2 1
gophkeeper/internal/ports/remote/openapi/client.gen.go:464.61,466.3 1 1
gophkeeper/internal/ports/remote/openapi/client.gen.go:467.2,467.25 1 1
gophkeeper/internal/ports/remote/openapi/client.gen.go:470.103,472.16 2 1
gophkeeper/internal/ports/remote/openapi/client.gen.go:472.16,474.3 1 1
gophkeeper/internal/ports/remote/openapi/client.gen.go:475.2,476.61 2 1
gophkeeper/internal/ports/remote/openapi/client.gen.go:476.61,478.3 1 1
gophkeeper/internal/ports/remote/openapi/client.gen.go:479.2,479.25 1 1
gophkeeper/internal/ports/remote/openapi/client.gen.go:482.133,484.16 2 1
gophkeeper/internal/ports/remote/openapi/client.gen.go:484.16,486.3 1 1
gophkeeper/internal/ports/remote/openapi/client.gen.go:487.2,488.61 2 1
gophkeeper/internal/ports/remote/openapi/client.gen.go:488.61,490.3 1 1
gophkeeper/internal/ports/remote/openapi/client.gen.go:491.2,491.25 1 1
gophkeeper/internal/ports/remote/openapi/client.gen.go:494.151,496.16 2 1
gophkeeper/internal/ports/remote/openapi/client.gen.go:496.16,498.3 1 1
gophkeeper/internal/ports/remote/openapi/client.gen.go:499.2,500.61 2 1
gophkeeper/internal/ports/remote/openapi/client.gen.go:500.61,502.3 1 0
gophkeeper/internal/ports/remote/openapi/client.gen.go:503.2,503.25 1 1
gophkeeper/internal/ports/remote/openapi/client.gen.go:506.141,508.16 2 1
gophkeeper/internal/ports/remote/openapi/client.gen.go:508.16,510.3 1 1
gophkeeper/internal/ports/remote/openapi/client.gen.go:511.2,512.61 2 1
gophkeeper/internal/ports/remote/openapi/client.gen.go:512.61,514.3 1 1
gophkeeper/internal/ports/remote/openapi/client.gen.go:515.2,515.25 1 1
gophkeeper/internal/ports/remote/openapi/client.gen.go:518.118,520.16 2 1
gophkeeper/internal/ports/remote/openapi/client.gen.go:520.16,522.3 1 1
gophkeeper/internal/ports/remote/openapi/client.gen.go:523.2,524.61 2 1
gophkeeper/internal/ports/remote/openapi/client.gen.go:524.61,526.3 1 1
gophkeeper/internal/ports/remote/openapi/client.gen.go:527.2,527.25 1 1
gophkeeper/internal/ports/remote/openapi/client.gen.go:530.115,532.16 2 1
gophkeeper/internal/ports/remote/openapi/client.gen.go:532.16,534.3 1 1
gophkeeper/internal/ports/remote/openapi/client.gen.go:535.2,536.61 2 1
gophkeeper/internal/ports/remote/openapi/client.gen.go:536.61,538.3 1 1
gophkeeper/internal/ports/remote/openapi/client.gen.go:539.2,539.25 1 1
gophkeeper/internal/ports/remote/openapi/client.gen.go:542.127,544.16 2 1
gophkeeper/internal/ports/remote/openapi/client.gen.go:544.16,546.3 1 1
gophkeeper/internal/ports/remote/openapi/client.gen.go:547.2,548.61 2 1
gophkeeper/internal/ports/remote/openapi/client.gen.go:548.61,550.3 1 1
gophkeeper/internal/ports/remote/openapi/client.gen.go:551.2,551.25 1 1
gophkeeper/internal/ports/remote/openapi/client.gen.go:554.147,556.16 2 1
gophkeeper/internal/ports/remote/openapi/client.gen.go:556.16,558.3 1 1
gophkeeper/internal/ports/remote/openapi/client.gen.go:559.2,560.61 2 1
gophkeeper/internal/ports/remote/openapi/client.gen.go:560.61,562.3 1 0
gophkeeper/internal/ports/remote/openapi/client.gen.go:563.2,563.25 1 1
gophkeeper/internal/ports/remote/openapi/client.gen.go:566.133,568.16 2 1
gophkeeper/internal/ports/remote/openapi/client.gen.go:568.16,570.3 1 1
gophkeeper/internal/ports/remote/openapi/client.gen.go:571.2,572.61 2 1
gophkeeper/internal/ports/remote/openapi/client.gen.go:572.61,574.3 1 1
gophkeeper/internal/ports/remote/openapi/client.gen.go:575.2,575.25 1 1
gophkeeper/internal/ports/remote/openapi/client.gen.go:579.87,582.16 3 1
gophkeeper/internal/ports/remote/openapi/client.gen.go:582.16,584.3 1 0
gophkeeper/internal/ports/remote/openapi/client.gen.go:585.2,586.72 2 1
gophkeeper/internal/ports/remote/openapi/client.gen.go:590.104,594.16 3 1
gophkeeper/internal/ports/remote/openapi/client.gen.go:594.16,596.3 1 1
gophkeeper/internal/ports/remote/openapi/client.gen.go:598.2,599.29 2 1
gophkeeper/internal/ports/remote/openapi/client.gen.go:599.29,601.3 1 1
gophkeeper/internal/ports/remote/openapi/client.gen.go:603.2,604.16 2 1
gophkeeper/internal/ports/remote/openapi/client.gen.go:604.16,606.3 1 0
gophkeeper/internal/ports/remote/openapi/client.gen.go:608.2,609.16 2 1
gophkeeper/internal/ports/remote/openapi/client.gen.go:609.16,611.3 1 0
gophkeeper/internal/ports/remote/openapi/client.gen.go:613.2,615.17 2 1
gophkeeper/internal/ports/remote/openapi/client.gen.go:619.93,622.16 3 1
gophkeeper/internal/ports/remote/openapi/client.gen.go:622.16,624.3 1 0
gophkeeper/internal/ports/remote/openapi/client.gen.go:625.2,626.75 2 1
gophkeeper/internal/ports/remote/openapi/client.gen.go:630.107,634.16 3 1
gophkeeper/internal/ports/remote/openapi/client.gen.go:634.16,636.3 1 1
gophkeeper/internal/ports/remote/openapi/client.gen.go:638.2,639.29 2 1
gophkeeper/internal/ports/remote/openapi/client.gen.go:639.29,641.3 1 1
gophkeeper/internal/ports/remote/openapi/client.gen.go:643.2,644.16 2 1
gophkeeper/internal/ports/remote/openapi/client.gen.go:644.16,646.3 1 0
gophkeeper/internal/ports/remote/openapi/client.gen.go:648.2,649.16 2 1
gophkeeper/internal/ports/remote/openapi/client.gen.go:649.16,651.3 1 0
gophkeeper/internal/ports/remote/openapi/client.gen.go:653.2,655.17 2 1
gophkeeper/internal/ports/remote/openapi/client.gen.go:659.63,663.16 3 1
gophkeeper/internal/ports/remote/openapi/client.gen.go:663.16,665.3 1 1
gophkeeper/internal/ports/remote/openapi/client.gen.go:667.2,668.29 2 1
gophkeeper/internal/ports/remote/openapi/client.gen.go:668.29,670.3 1 1
gophkeeper/internal/ports/remote/openapi/client.gen.go:672.2,673.16 2 1
gophkeeper/internal/ports/remote/openapi/client.gen.go:673.16,675.3 1 0
gophkeeper/internal/ports/remote/openapi/client.gen.go:677.2,678.16 2 1
gophkeeper/internal/ports/remote/openapi/client.gen.go:678.16,680.3 1 0
gophkeeper/internal/ports/remote/openapi/client.gen.go:682.2,682.17 1 1
gophkeeper/internal/ports/remote/openapi/client.gen.go:686.93,690.16 3 1
gophkeeper/internal/ports/remote/openapi/client.gen.go:690.16,692.3 1 1
gophkeeper/internal/ports/remote/openapi/client.gen.go:694.2,695.29 2 1
gophkeeper/internal/ports/remote/openapi/client.gen.go:695.29,697.3 1 1
gophkeeper/internal/ports/remote/openapi/client.gen.go:699.2,700.16 2 1
gophkeeper/internal/ports/remote/openapi/client.gen.go:700.16,702.3 1 0
gophkeeper/internal/ports/remote/openapi/client.gen.go:704.2,704.19 1 1
gophkeeper/internal/ports/remote/openapi/client.gen.go:704.19,707.25 2 1
gophkeeper/internal/ports/remote/openapi/client.gen.go:707.25,709.132 1 1
gophkeeper/internal/ports/remote/openapi/client.gen.go:709.132,711.5 1 0
gophkeeper/internal/ports/remote/openapi/client.gen.go:711.10,711.67 1 1
gophkeeper/internal/ports/remote/openapi/client.gen.go:711.67,713.5 1 0
gophkeeper/internal/ports/remote/openapi/client.gen.go:713.10,714.30 1 1
gophkeeper/internal/ports/remote/openapi/client.gen.go:714.30,715.27 1 1
gophkeeper/internal/ports/remote/openapi/client.gen.go:715.27,717.7 1 1
gophkeeper/internal/ports/remote/openapi/client.gen.go:723.3,723.24 1 1
gophkeeper/internal/ports/remote/openapi/client.gen.go:723.24,725.130 1 1
gophkeeper/internal/ports/remote/openapi/client.gen.go:725.130,727.5 1 0
gophkeeper/internal/ports/remote/openapi/client.gen.go:727.10,727.67 1 1
gophkeeper/internal/ports/remote/openapi/client.gen.go:727.67,729.5 1 0
gophkeeper/internal/ports/remote/openapi/client.gen.go:729.10,730.30 1 1
gophkeeper/internal/ports/remote/openapi/client.gen.go:730.30,731.27 1 1
gophkeeper/internal/ports/remote/openapi/client.gen.go:731.27,733.7 1 1
gophkeeper/internal/ports/remote/openapi/client.gen.go:739.3,739.26 1 1
gophkeeper/internal/ports/remote/openapi/client.gen.go:739.26,741.134 1 1
gophkeeper/internal/ports/remote/openapi/client.gen.go:741.134,743.5 1 0
gophkeeper/internal/ports/remote/openapi/client.gen.go:743.10,743.67 1 1
gophkeeper/internal/ports/remote/openapi/client.gen.go:743.67,745.5 1 0
gophkeeper/internal/ports/remote/openapi/client.gen.go:745.10,746.30 1 1
gophkeeper/internal/ports/remote/openapi/client.gen.go:746.30,747.27 1 1
gophkeeper/internal/ports/remote/openapi/client.gen.go:747.27,749.7 1 1
gophkeeper/internal/ports/remote/openapi/client.gen.go:755.3,755.26 1 1
gophkeeper/internal/ports/remote/openapi/client.gen.go:755.26,757.134 1 1
gophkeeper/internal/ports/remote/openapi/client.gen.go:757.134,759.5 1 0
gophkeeper/internal/ports/remote/openapi/client.gen.go:759.10,759.67 1 1
gophkeeper/internal/ports/remote/openapi/client.gen.go:759.67,761.5 1 0
gophkeeper/internal/ports/remote/openapi/client.gen.go:761.10,762.30 1 1
gophkeeper/internal/ports/remote/openapi/client.gen.go:762.30,763.27 1 1
gophkeeper/internal/ports/remote/openapi/client.gen.go:763.27,765.7 1 1
gophkeeper/internal/ports/remote/openapi/client.gen.go:771.3,771.27 1 1
gophkeeper/internal/ports/remote/openapi/client.gen.go:771.27,773.136 1 1
gophkeeper/internal/ports/remote/openapi/client.gen.go:773.136,775.5 1 0
gophkeeper/internal/ports/remote/openapi/client.gen.go:775.10,775.67 1 1
gophkeeper/internal/ports/remote/openapi/client.gen.go:775.67,777.5 1 0
gophkeeper/internal/ports/remote/openapi/client.gen.go:777.10,778.30 1 1
gophkeeper/internal/ports/remote/openapi/client.gen.go:778.30,779.27 1 1
gophkeeper/internal/ports/remote/openapi/client.gen.go:779.27,781.7 1 1
gophkeeper/internal/ports/remote/openapi/client.gen.go:787.3,787.43 1 1
gophkeeper/internal/ports/remote/openapi/client.gen.go:790.2,791.16 2 1
gophkeeper/internal/ports/remote/openapi/client.gen.go:791.16,793.3 1 0
gophkeeper/internal/ports/remote/openapi/client.gen.go:795.2,795.17 1 1
gophkeeper/internal/ports/remote/openapi/client.gen.go:799.101,802.16 3 1
gophkeeper/internal/ports/remote/openapi/client.gen.go:802.16,804.3 1 0
gophkeeper/internal/ports/remote/openapi/client.gen.go:805.2,806.79 2 1
gophkeeper/internal/ports/remote/openapi/client.gen.go:810.111,814.16 3 1
gophkeeper/internal/ports/remote/openapi/client.gen.go:814.16,816.3 1 1
gophkeeper/internal/ports/remote/openapi/client.gen.go:818.2,819.29 2 1
gophkeeper/internal/ports/remote/openapi/client.gen.go:819.29,821.3 1 1
gophkeeper/internal/ports/remote/openapi/client.gen.go:823.2,824.16 2 1
gophkeeper/internal/ports/remote/openapi/client.gen.go:824.16,826.3 1 0
gophkeeper/internal/ports/remote/openapi/client.gen.go:828.2,829.16 2 1
gophkeeper/internal/ports/remote/openapi/client.gen.go:829.16,831.3 1 0
gophkeeper/internal/ports/remote/openapi/client.gen.go:833.2,835.17 2 1
gophkeeper/internal/ports/remote/openapi/client.gen.go:839.78,845.16 4 1
gophkeeper/internal/ports/remote/openapi/client.gen.go:845.16,847.3 1 0
gophkeeper/internal/ports/remote/openapi/client.gen.go:849.2,850.16 2 1
gophkeeper/internal/ports/remote/openapi/client.gen.go:850.16,852.3 1 1
gophkeeper/internal/ports/remote/openapi/client.gen.go:854.2,855.29 2 1
gophkeeper/internal/ports/remote/openapi/client.gen.go:855.29,857.3 1 1
gophkeeper/internal/ports/remote/openapi/client.gen.go:859.2,860.16 2 1
gophkeeper/internal/ports/remote/openapi/client.gen.go:860.16,862.3 1 0
gophkeeper/internal/ports/remote/openapi/client.gen.go:864.2,865.16 2 1
gophkeeper/internal/ports/remote/openapi/client.gen.go:865.16,867.3 1 0
gophkeeper/internal/ports/remote/openapi/client.gen.go:869.2,869.17 1 1
gophkeeper/internal/ports/remote/openapi/client.gen.go:873.75,879.16 4 1
gophkeeper/internal/ports/remote/openapi/client.gen.go:879.16,881.3 1 0
gophkeeper/internal/ports/remote/openapi/client.gen.go:883.2,884.16 2 1
gophkeeper/internal/ports/remote/openapi/client.gen.go:884.16,886.3 1 1
gophkeeper/internal/ports/remote/openapi/client.gen.go:888.2,889.29 2 1
gophkeeper/internal/ports/remote/openapi/client.gen.go:889.29,891.3 1 1
gophkeeper/internal/ports/remote/openapi/client.gen.go:893.2,894.16 2 1
gophkeeper/internal/ports/remote/openapi/client.gen.go:894.16,896.3 1 0
gophkeeper/internal/ports/remote/openapi/client.gen.go:898.2,899.16 2 1
gophkeeper/internal/ports/remote/openapi/client.gen.go:899.16,901.3 1 0
gophkeeper/internal/ports/remote/openapi/client.gen.go:903.2,903.17 1 1
gophkeeper/internal/ports/remote/openapi/client.gen.go:907.87,911.16 3 1
gophkeeper/internal/ports/remote/openapi/client.gen.go:911.16,913.3 1 1
gophkeeper/internal/ports/remote/openapi/client.gen.go:915.2,916.29 2 1
gophkeeper/internal/ports/remote/openapi/client.gen.go:916.29,918.3 1 1
gophkeeper/internal/ports/remote/openapi/client.gen.go:920.2,921.16 2 1
gophkeeper/internal/ports/remote/openapi/client.gen.go:921.16,923.3 1 0
gophkeeper/internal/ports/remote/openapi/client.gen.go:925.2,925.19 1 1
gophkeeper/internal/ports/remote/openapi/client.gen.go:925.19,928.27 2 1
gophkeeper/internal/ports/remote/openapi/client.gen.go:928.27,930.136 1 1
gophkeeper/internal/ports/remote/openapi/client.gen.go:930.136,932.5 1 0
gophkeeper/internal/ports/remote/openapi/client.gen.go:932.10,932.67 1 1
gophkeeper/internal/ports/remote/openapi/client.gen.go:932.67,934.5 1 0
gophkeeper/internal/ports/remote/openapi/client.gen.go:934.10,935.30 1 1
gophkeeper/internal/ports/remote/openapi/client.gen.go:935.30,936.27 1 1
gophkeeper/internal/ports/remote/openapi/client.gen.go:936.27,938.7 1 1
gophkeeper/internal/ports/remote/openapi/client.gen.go:944.3,944.26 1 1
gophkeeper/internal/ports/remote/openapi/client.gen.go:944.26,946.134 1 1
gophkeeper/internal/ports/remote/openapi/client.gen.go:946.134,948.5 1 0
gophkeeper/internal/ports/remote/openapi/client.gen.go:948.10,948.67 1 1
gophkeeper/internal/ports/remote/openapi/client.gen.go:948.67,950.5 1 0
gophkeeper/internal/ports/remote/openapi/client.gen.go:950.10,951.30 1 1
gophkeeper/internal/ports/remote/openapi/client.gen.go:951.30,952.27 1 1
gophkeeper/internal/ports/remote/openapi/client.gen.go:952.27,954.7 1 1
gophkeeper/internal/ports/remote/openapi/client.gen.go:960.3,960.43 1 1
gophkeeper/internal/ports/remote/openapi/client.gen.go:963.2,964.16 2 1
gophkeeper/internal/ports/remote/openapi/client.gen.go:964.16,966.3 1 0
gophkeeper/internal/ports/remote/openapi/client.gen.go:968.2,968.17 1 1
gophkeeper/internal/ports/remote/openapi/client.gen.go:972.93,975.16 3 1
gophkeeper/internal/ports/remote/openapi/client.gen.go:975.16,977.3 1 0
gophkeeper/internal/ports/remote/openapi/client.gen.go:978.2,979.75 2 1
gophkeeper/internal/ports/remote/openapi/client.gen.go:983.107,987.16 3 1
gophkeeper/internal/ports/remote/openapi/client.gen.go:987.16,989.3 1 1
gophkeeper/internal/ports/remote/openapi/client.gen.go:991.2,992.29 2 1
gophkeeper/internal/ports/remote/openapi/client.gen.go:992.29,994.3 1 1
gophkeeper/internal/ports/remote/openapi/client.gen.go:996.2,997.16 2 1
gophkeeper/internal/ports/remote/openapi/client.gen.go:997.16,999.3 1 0
gophkeeper/internal/ports/remote/openapi/client.gen.go:1001.2,1002.16 2 1
gophkeeper/internal/ports/remote/openapi/client.gen.go:1002.16,1004.3 1 0
gophkeeper/internal/ports/remote/openapi/client.gen.go:1006.2,1008.17 2 1
gophkeeper/internal/ports/remote/openapi/client.gen.go:1011.114,1012.37 1 1
gophkeeper/internal/ports/remote/openapi/client.gen.go:1012.37,1013.37 1 1
gophkeeper/internal/ports/remote/openapi/client.gen.go:1013.37,1015.4 1 1
gophkeeper/internal/ports/remote/openapi/client.gen.go:1017.2,1017.38 1 1
gophkeeper/internal/ports/remote/openapi/client.gen.go:1017.38,1018.37 1 1
gophkeeper/internal/ports/remote/openapi/client.gen.go:1018.37,1020.4 1 1
gophkeeper/internal/ports/remote/openapi/client.gen.go:1022.2,1022.12 1 1
gophkeeper/internal/ports/remote/openapi/client.gen.go:1032.96,1034.16 2 1
gophkeeper/internal/ports/remote/openapi/client.gen.go:1034.16,1036.3 1 1
gophkeeper/internal/ports/remote/openapi/client.gen.go:1037.2,1037.42 1 1
gophkeeper/internal/ports/remote/openapi/client.gen.go:1041.47,1042.31 1 1
gophkeeper/internal/ports/remote/openapi/client.gen.go:1042.31,1044.17 2 1
gophkeeper/internal/ports/remote/openapi/client.gen.go:1044.17,1046.4 1 1
gophkeeper/internal/ports/remote/openapi/client.gen.go:1047.3,1048.13 2 1
gophkeeper/internal/ports/remote/openapi/client.gen.go:1097.40,1098.27 1 1
gophkeeper/internal/ports/remote/openapi/client.gen.go:1098.27,1100.3 1 1
gophkeeper/internal/ports/remote/openapi/client.gen.go:1101.2,1101.27 1 1
gophkeeper/internal/ports/remote/openapi/client.gen.go:1105.41,1106.27 1 1
gophkeeper/internal/ports/remote/openapi/client.gen.go:1106.27,1108.3 1 1
gophkeeper/internal/ports/remote/openapi/client.gen.go:1109.2,1109.10 1 1
gophkeeper/internal/ports/remote/openapi/client.gen.go:1119.43,1120.27 1 1
gophkeeper/internal/ports/remote/openapi/client.gen.go:1120.27,1122.3 1 1
gophkeeper/internal/ports/remote/openapi/client.gen.go:1123.2,1123.27 1 1
gophkeeper/internal/ports/remote/openapi/client.gen.go:1127.44,1128.27 1 1
gophkeeper/internal/ports/remote/openapi/client.gen.go:1128.27,1130.3 1 1
gophkeeper/internal/ports/remote/openapi/client.gen.go:1131.2,1131.10 1 1
gophkeeper/internal/ports/remote/openapi/client.gen.go:1141.43,1142.27 1 1
gophkeeper/internal/ports/remote/openapi/client.gen.go:1142.27,1144.3 1 1
gophkeeper/internal/ports/remote/openapi/client.gen.go:1145.2,1145.27 1 1
gophkeeper/internal/ports/remote/openapi/client.gen.go:1149.44,1150.27 1 1
gophkeeper/internal/ports/remote/openapi/client.gen.go:1150.27,1152.3 1 1
gophkeeper/internal/ports/remote/openapi/client.gen.go:1153.2,1153.10 1 1
gophkeeper/internal/ports/remote/openapi/client.gen.go:1163.46,1164.27 1 1
gophkeeper/internal/ports/remote/openapi/client.gen.go:1164.27,1166.3 1 1
gophkeeper/internal/ports/remote/openapi/client.gen.go:1167.2,1167.27 1 1
gophkeeper/internal/ports/remote/openapi/client.gen.go:1171.47,1172.27 1 1
gophkeeper/internal/ports/remote/openapi/client.gen.go:1172.27,1174.3 1 1
gophkeeper/internal/ports/remote/openapi/client.gen.go:1175.2,1175.10 1 1
gophkeeper/internal/ports/remote/openapi/client.gen.go:1185.47,1186.27 1 1
gophkeeper/internal/ports/remote/openapi/client.gen.go:1186.27,1188.3 1 1
gophkeeper/internal/ports/remote/openapi/client.gen.go:1189.2,1189.27 1 1
gophkeeper/internal/ports/remote/openapi/client.gen.go:1193.48,1194.27 1 1
gophkeeper/internal/ports/remote/openapi/client.gen.go:1194.27,1196.3 1 1
gophkeeper/internal/ports/remote/openapi/client.gen.go:1197.2,1197.10 1 1
gophkeeper/internal/ports/remote/openapi/client.gen.go:1206.47,1207.27 1 1
gophkeeper/internal/ports/remote/openapi/client.gen.go:1207.27,1209.3 1 1
gophkeeper/internal/ports/remote/openapi/client.gen.go:1210.2,1210.27 1 1
gophkeeper/internal/ports/remote/openapi/client.gen.go:1214.48,1215.27 1 1
gophkeeper/internal/ports/remote/openapi/client.gen.go:1215.27,1217.3 1 1
gophkeeper/internal/ports/remote/openapi/client.gen.go:1218.2,1218.10 1 1
gophkeeper/internal/ports/remote/openapi/client.gen.go:1228.44,1229.27 1 1
gophkeeper/internal/ports/remote/openapi/client.gen.go:1229.27,1231.3 1 1
gophkeeper/internal/ports/remote/openapi/client.gen.go:1232.2,1232.27 1 1
gophkeeper/internal/ports/remote/openapi/client.gen.go:1236.45,1237.27 1 1
gophkeeper/internal/ports/remote/openapi/client.gen.go:1237.27,1239.3 1 1
gophkeeper/internal/ports/remote/openapi/client.gen.go:1240.2,1240.10 1 1
gophkeeper/internal/ports/remote/openapi/client.gen.go:1250.43,1251.27 1 1
gophkeeper/internal/ports/remote/openapi/client.gen.go:1251.27,1253.3 1 1
gophkeeper/internal/ports/remote/openapi/client.gen.go:1254.2,1254.27 1 1
gophkeeper/internal/ports/remote/openapi/client.gen.go:1258.44,1259.27 1 1
gophkeeper/internal/ports/remote/openapi/client.gen.go:1259.27,1261.3 1 1
gophkeeper/internal/ports/remote/openapi/client.gen.go:1262.2,1262.10 1 1
gophkeeper/internal/ports/remote/openapi/client.gen.go:1272.43,1273.27 1 1
gophkeeper/internal/ports/remote/openapi/client.gen.go:1273.27,1275.3 1 1
gophkeeper/internal/ports/remote/openapi/client.gen.go:1276.2,1276.27 1 1
gophkeeper/internal/ports/remote/openapi/client.gen.go:1280.44,1281.27 1 1
gophkeeper/internal/ports/remote/openapi/client.gen.go:1281.27,1283.3 1 1
gophkeeper/internal/ports/remote/openapi/client.gen.go:1284.2,1284.10 1 1
gophkeeper/internal/ports/remote/openapi/client.gen.go:1288.169,1290.16 2 1
gophkeeper/internal/ports/remote/openapi/client.gen.go:1290.16,1292.3 1 1
gophkeeper/internal/ports/remote/openapi/client.gen.go:1293.2,1293.32 1 1
gophkeeper/internal/ports/remote/openapi/client.gen.go:1296.152,1298.16 2 1
gophkeeper/internal/ports/remote/openapi/client.gen.go:1298.16,1300.3 1 1
gophkeeper/internal/ports/remote/openapi/client.gen.go:1301.2,1301.32 1 1
gophkeeper/internal/ports/remote/openapi/client.gen.go:1305.175,1307.16 2 1
gophkeeper/internal/ports/remote/openapi/client.gen.go:1307.16,1309.3 1 1
gophkeeper/internal/ports/remote/openapi/client.gen.go:1310.2,1310.35 1 1
gophkeeper/internal/ports/remote/openapi/client.gen.go:1313.161,1315.16 2 1
gophkeeper/internal/ports/remote/openapi/client.gen.go:1315.16,1317.3 1 1
gophkeeper/internal/ports/remote/openapi/client.gen.go:1318.2,1318.35 1 1
gophkeeper/internal/ports/remote/openapi/client.gen.go:1322.131,1324.16 2 1
gophkeeper/internal/ports/remote/openapi/client.gen.go:1324.16,1326.3 1 1
gophkeeper/internal/ports/remote/openapi/client.gen.go:1327.2,1327.35 1 1
gophkeeper/internal/ports/remote/openapi/client.gen.go:1331.164,1333.16 2 1
gophkeeper/internal/ports/remote/openapi/client.gen.go:1333.16,1335.3 1 1
gophkeeper/internal/ports/remote/openapi/client.gen.go:1336.2,1336.38 1 1
gophkeeper/internal/ports/remote/openapi/client.gen.go:1340.183,1342.16 2 1
gophkeeper/internal/ports/remote/openapi/client.gen.go:1342.16,1344.3 1 1
gophkeeper/internal/ports/remote/openapi/client.gen.go:1345.2,1345.39 1 1
gophkeeper/internal/ports/remote/openapi/client.gen.go:1348.173,1350.16 2 1
gophkeeper/internal/ports/remote/openapi/client.gen.go:1350.16,1352.3 1 1
gophkeeper/internal/ports/remote/openapi/client.gen.go:1353.2,1353.39 1 1
gophkeeper/internal/ports/remote/openapi/client.gen.go:1357.150,1359.16 2 1
gophkeeper/internal/ports/remote/openapi/client.gen.go:1359.16,1361.3 1 1
gophkeeper/internal/ports/remote/openapi/client.gen.go:1362.2,1362.39 1 1
gophkeeper/internal/ports/remote/openapi/client.gen.go:1366.144,1368.16 2 1
gophkeeper/internal/ports/remote/openapi/client.gen.go:1368.16,1370.3 1 1
gophkeeper/internal/ports/remote/openapi/client.gen.go:1371.2,1371.36 1 1
gophkeeper/internal/ports/remote/openapi/client.gen.go:1375.155,1377.16 2 1
gophkeeper/internal/ports/remote/openapi/client.gen.go:1377.16,1379.3 1 1
gophkeeper/internal/ports/remote/openapi/client.gen.go:1380.2,1380.35 1 1
gophkeeper/internal/ports/remote/openapi/client.gen.go:1384.175,1386.16 2 1
gophkeeper/internal/ports/remote/openapi/client.gen.go:1386.16,1388.3 1 1
gophkeeper/internal/ports/remote/openapi/client.gen.go:1389.2,1389.35 1 1
gophkeeper/internal/ports/remote/openapi/client.gen.go:1392.161,1394.16 2 1
gophkeeper/internal/ports/remote/openapi/client.gen.go:1394.16,1396.3 1 1
gophkeeper/internal/ports/remote/openapi/client.gen.go:1397.2,1397.35 1 1
gophkeeper/internal/ports/remote/openapi/client.gen.go:1401.69,1403.15 2 1
gophkeeper/internal/ports/remote/openapi/client.gen.go:1403.15,1403.39 1 1
gophkeeper/internal/ports/remote/openapi/client.gen.go:1404.2,1404.16 1 1
gophkeeper/internal/ports/remote/openapi/client.gen.go:1404.16,1406.3 1 0
gophkeeper/internal/ports/remote/openapi/client.gen.go:1408.2,1413.9 2 1
gophkeeper/internal/ports/remote/openapi/client.gen.go:1414.89,1416.58 2 1
gophkeeper/internal/ports/remote/openapi/client.gen.go:1416.58,1418.4 1 1
gophkeeper/internal/ports/remote/openapi/client.gen.go:1419.3,1419.27 1 1
gophkeeper/internal/ports/remote/openapi/client.gen.go:1423.2,1423.22 1 1
gophkeeper/internal/ports/remote/openapi/client.gen.go:1427.75,1429.15 2 1
gophkeeper/internal/ports/remote/openapi/client.gen.go:1429.15,1429.39 1 1
gophkeeper/internal/ports/remote/openapi/client.gen.go:1430.2,1430.16 1 1
gophkeeper/internal/ports/remote/openapi/client.gen.go:1430.16,1432.3 1 0
gophkeeper/internal/ports/remote/openapi/client.gen.go:1434.2,1439.9 2 1
gophkeeper/internal/ports/remote/openapi/client.gen.go:1440.89,1442.58 2 1
gophkeeper/internal/ports/remote/openapi/client.gen.go:1442.58,1444.4 1 1
gophkeeper/internal/ports/remote/openapi/client.gen.go:1445.3,1445.27 1 1
gophkeeper/internal/ports/remote/openapi/client.gen.go:1449.2,1449.22 1 1
gophkeeper/internal/ports/remote/openapi/client.gen.go:1453.75,1455.15 2 1
gophkeeper/internal/ports/remote/openapi/client.gen.go:1455.15,1455.39 1 1
gophkeeper/internal/ports/remote/openapi/client.gen.go:1456.2,1456.16 1 1
gophkeeper/internal/ports/remote/openapi/client.gen.go:1456.16,1458.3 1 0
gophkeeper/internal/ports/remote/openapi/client.gen.go:1460.2,1465.9 2 1
gophkeeper/internal/ports/remote/openapi/client.gen.go:1466.89,1468.58 2 1
gophkeeper/internal/ports/remote/openapi/client.gen.go:1468.58,1470.4 1 1
gophkeeper/internal/ports/remote/openapi/client.gen.go:1471.3,1471.27 1 1
gophkeeper/internal/ports/remote/openapi/client.gen.go:1475.2,1475.22 1 1
gophkeeper/internal/ports/remote/openapi/client.gen.go:1479.81,1481.15 2 1
gophkeeper/internal/ports/remote/openapi/client.gen.go:1481.15,1481.39 1 1
gophkeeper/internal/ports/remote/openapi/client.gen.go:1482.2,1482.16 1 1
gophkeeper/internal/ports/remote/openapi/client.gen.go:1482.16,1484.3 1 0
gophkeeper/internal/ports/remote/openapi/client.gen.go:1486.2,1491.9 2 1
gophkeeper/internal/ports/remote/openapi/client.gen.go:1492.89,1494.58 2 1
gophkeeper/internal/ports/remote/openapi/client.gen.go:1494.58,1496.4 1 1
gophkeeper/internal/ports/remote/openapi/client.gen.go:1497.3,1497.27 1 1
gophkeeper/internal/ports/remote/openapi/client.gen.go:1501.2,1501.22 1 1
gophkeeper/internal/ports/remote/openapi/client.gen.go:1505.83,1507.15 2 1
gophkeeper/internal/ports/remote/openapi/client.gen.go:1507.15,1507.39 1 1
gophkeeper/internal/ports/remote/openapi/client.gen.go:1508.2,1508.16 1 1
gophkeeper/internal/ports/remote/openapi/client.gen.go:1508.16,1510.3 1 0
gophkeeper/internal/ports/remote/openapi/client.gen.go:1512.2,1517.9 2 1
gophkeeper/internal/ports/remote/openapi/client.gen.go:1518.89,1520.58 2 1
gophkeeper/internal/ports/remote/openapi/client.gen.go:1520.58,1522.4 1 1
gophkeeper/internal/ports/remote/openapi/client.gen.go:1523.3,1523.27 1 1
gophkeeper/internal/ports/remote/openapi/client.gen.go:1527.2,1527.22 1 1
gophkeeper/internal/ports/remote/openapi/client.gen.go:1531.83,1533.15 2 1
gophkeeper/internal/ports/remote/openapi/client.gen.go:1533.15,1533.39 1 1
gophkeeper/internal/ports/remote/openapi/client.gen.go:1534.2,1534.16 1 1
gophkeeper/internal/ports/remote/openapi/client.gen.go:1534.16,1536.3 1 0
gophkeeper/internal/ports/remote/openapi/client.gen.go:1538.2,1543.22 2 1
gophkeeper/internal/ports/remote/openapi/client.gen.go:1547.77,1549.15 2 1
gophkeeper/internal/ports/remote/openapi/client.gen.go:1549.15,1549.39 1 1
gophkeeper/internal/ports/remote/openapi/client.gen.go:1550.2,1550.16 1 1
gophkeeper/internal/ports/remote/openapi/client.gen.go:1550.16,1552.3 1 0
gophkeeper/internal/ports/remote/openapi/client.gen.go:1554.2,1559.9 2 1
gophkeeper/internal/ports/remote/openapi/client.gen.go:1560.89,1562.58 2 1
gophkeeper/internal/ports/remote/openapi/client.gen.go:1562.58,1564.4 1 1
gophkeeper/internal/ports/remote/openapi/client.gen.go:1565.3,1565.27 1 1
gophkeeper/internal/ports/remote/openapi/client.gen.go:1569.2,1569.22 1 1
gophkeeper/internal/ports/remote/openapi/client.gen.go:1573.75,1575.15 2 1
gophkeeper/internal/ports/remote/openapi/client.gen.go:1575.15,1575.39 1 1
gophkeeper/internal/ports/remote/openapi/client.gen.go:1576.2,1576.16 1 1
gophkeeper/internal/ports/remote/openapi/client.gen.go:1576.16,1578.3 1 0
gophkeeper/internal/ports/remote/openapi/client.gen.go:1580.2,1585.9 2 1
gophkeeper/internal/ports/remote/openapi/client.gen.go:1586.89,1588.58 2 1
gophkeeper/internal/ports/remote/openapi/client.gen.go:1588.58,1590.4 1 1
gophkeeper/internal/ports/remote/openapi/client.gen.go:1591.3,1591.27 1 1
gophkeeper/internal/ports/remote/openapi/client.gen.go:1595.2,1595.22 1 1
gophkeeper/internal/ports/remote/openapi/client.gen.go:1599.75,1601.15 2 1
gophkeeper/internal/ports/remote/openapi/client.gen.go:1601.15,1601.39 1 1
gophkeeper/internal/ports/remote/openapi/client.gen.go:1602.2,1602.16 1 1
gophkeeper/internal/ports/remote/openapi/client.gen.go:1602.16,1604.3 1 0
gophkeeper/internal/ports/remote/openapi/client.gen.go:1606.2,1611.9 2 1
gophkeeper/internal/ports/remote/openapi/client.gen.go:1612.89,1614.58 2 1
gophkeeper/internal/ports/remote/openapi/client.gen.go:1614.58,1616.4 1 1
gophkeeper/internal/ports/remote/openapi/client.gen.go:1617.3,1617.27 1 1
gophkeeper/internal/ports/remote/openapi/client.gen.go:1621.2,1621.22 1 1
gophkeeper/internal/app/secrets/module.go:13.140,15.4 1 0
gophkeeper/internal/app/secrets/service.go:22.149,29.2 1 1
gophkeeper/internal/app/secrets/service.go:32.92,34.9 2 1
gophkeeper/internal/app/secrets/service.go:34.9,36.3 1 1
gophkeeper/internal/app/secrets/service.go:38.2,41.47 3 1
gophkeeper/internal/app/secrets/service.go:41.47,43.3 1 1
gophkeeper/internal/app/secrets/service.go:45.2,45.21 1 1
gophkeeper/internal/app/secrets/service.go:45.21,47.3 1 1
gophkeeper/internal/app/secrets/service.go:49.2,49.45 1 1
gophkeeper/internal/app/secrets/service.go:53.92,55.9 2 0
gophkeeper/internal/app/secrets/service.go:55.9,57.3 1 0
gophkeeper/internal/app/secrets/service.go:59.2,62.47 3 0
gophkeeper/internal/app/secrets/service.go:62.47,64.3 1 0
gophkeeper/internal/app/secrets/service.go:66.2,66.36 1 0
gophkeeper/internal/app/secrets/service.go:70.92,72.9 2 0
gophkeeper/internal/app/secrets/service.go:72.9,74.3 1 0
gophkeeper/internal/app/secrets/service.go:76.2,79.47 3 0
gophkeeper/internal/app/secrets/service.go:79.47,81.3 1 0
gophkeeper/internal/app/secrets/service.go:83.2,83.21 1 0
gophkeeper/internal/app/secrets/service.go:83.21,85.3 1 0
gophkeeper/internal/app/secrets/service.go:87.2,87.45 1 0
gophkeeper/internal/app/secrets/service.go:91.87,93.9 2 1
gophkeeper/internal/app/secrets/service.go:93.9,95.3 1 1
gophkeeper/internal/app/secrets/service.go:97.2,98.16 2 1
gophkeeper/internal/app/secrets/service.go:98.16,100.3 1 1
gophkeeper/internal/app/secrets/service.go:101.2,101.31 1 1
gophkeeper/internal/app/secrets/service.go:101.31,103.3 1 1
gophkeeper/internal/app/secrets/service.go:104.2,104.20 1 1
gophkeeper/internal/app/secrets/service.go:108.99,110.9 2 1
gophkeeper/internal/app/secrets/service.go:110.9,112.3 1 1
gophkeeper/internal/app/secrets/service.go:114.2,124.16 3 1
gophkeeper/internal/app/secrets/service.go:124.16,126.3 1 0
gophkeeper/internal/app/secrets/service.go:127.2,127.36 1 1
gophkeeper/internal/app/secrets/service.go:131.73,133.9 2 1
gophkeeper/internal/app/secrets/service.go:133.9,135.3 1 1
gophkeeper/internal/app/secrets/service.go:137.2,138.16 2 1
gophkeeper/internal/app/secrets/service.go:138.16,140.3 1 1
gophkeeper/internal/app/secrets/service.go:141.2,141.31 1 1
gophkeeper/internal/app/secrets/service.go:141.31,143.3 1 1
gophkeeper/internal/app/secrets/service.go:145.2,145.50 1 1
gophkeeper/internal/app/secrets/service.go:145.50,147.3 1 1
gophkeeper/internal/app/secrets/service.go:149.2,151.57 3 1
gophkeeper/internal/app/secrets/service.go:154.111,165.2 1 1
gophkeeper/internal/app/secrets/service.go:167.49,168.23 1 1
gophkeeper/internal/app/secrets/service.go:168.23,170.3 1 1
gophkeeper/internal/app/secrets/service.go:171.2,171.27 1 1
gophkeeper/internal/app/secrets/service.go:171.27,173.3 1 1
gophkeeper/internal/app/secrets/service.go:174.2,174.12 1 1
gophkeeper/internal/app/secrets/service.go:177.98,179.25 2 1
gophkeeper/internal/app/secrets/service.go:179.25,181.3 1 1
gophkeeper/internal/app/secrets/service.go:182.2,182.35 1 1
gophkeeper/internal/app/secrets/service.go:185.121,187.16 2 1
gophkeeper/internal/app/secrets/service.go:187.16,188.41 1 1
gophkeeper/internal/app/secrets/service.go:188.41,189.27 1 1
gophkeeper/internal/app/secrets/service.go:189.27,191.5 1 1
gophkeeper/internal/app/secrets/service.go:192.4,192.37 1 1
gophkeeper/internal/app/secrets/service.go:194.3,194.30 1 1
gophkeeper/internal/app/secrets/service.go:197.2,197.32 1 1
gophkeeper/internal/app/secrets/service.go:197.32,199.3 1 1
gophkeeper/internal/app/secrets/service.go:201.2,201.25 1 1
gophkeeper/internal/app/secrets/service.go:201.25,203.3 1 1
gophkeeper/internal/app/secrets/service.go:204.2,204.39 1 1
gophkeeper/internal/app/secrets/service.go:204.39,206.3 1 1
gophkeeper/internal/app/secrets/service.go:208.2,208.35 1 1
gophkeeper/internal/app/secrets/service.go:211.97,213.16 2 1
gophkeeper/internal/app/secrets/service.go:213.16,215.3 1 1
gophkeeper/internal/app/secrets/service.go:216.2,216.72 1 1
gophkeeper/internal/app/secrets/service.go:216.72,218.3 1 1
gophkeeper/internal/app/secrets/service.go:219.2,219.19 1 1
gophkeeper/internal/app/sync/module.go:13.112,15.4 1 0
gophkeeper/internal/app/sync/service.go:20.121,26.2 1 1
gophkeeper/internal/app/sync/service.go:29.108,31.9 2 1
gophkeeper/internal/app/sync/service.go:31.9,33.3 1 1
gophkeeper/internal/app/sync/service.go:35.2,36.16 2 1
gophkeeper/internal/app/sync/service.go:36.16,38.3 1 1
gophkeeper/internal/app/sync/service.go:40.2,40.68 1 1
gophkeeper/internal/app/sync/service.go:44.103,46.9 2 1
gophkeeper/internal/app/sync/service.go:46.9,48.3 1 1
gophkeeper/internal/app/sync/service.go:50.2,52.33 2 1
gophkeeper/internal/app/sync/service.go:52.33,53.32 1 1
gophkeeper/internal/app/sync/service.go:53.32,56.12 3 1
gophkeeper/internal/app/sync/service.go:59.3,60.17 2 1
gophkeeper/internal/app/sync/service.go:60.17,61.42 1 1
gophkeeper/internal/app/sync/service.go:61.42,64.13 3 1
gophkeeper/internal/app/sync/service.go:66.4,66.35 1 1
gophkeeper/internal/app/sync/service.go:69.3,69.19 1 1
gophkeeper/internal/app/sync/service.go:72.2,72.20 1 1
gophkeeper/internal/app/sync/service.go:75.94,77.55 2 1
gophkeeper/internal/app/sync/service.go:77.55,79.3 1 1
gophkeeper/internal/app/sync/service.go:81.2,81.16 1 1
gophkeeper/internal/app/sync/service.go:81.16,82.40 1 1
gophkeeper/internal/app/sync/service.go:82.40,84.4 1 1
gophkeeper/internal/app/sync/service.go:85.3,85.40 1 1
gophkeeper/internal/app/sync/service.go:85.40,87.4 1 1
gophkeeper/internal/app/sync/service.go:90.2,91.25 2 1
gophkeeper/internal/app/sync/service.go:91.25,93.3 1 1
gophkeeper/internal/app/sync/service.go:95.2,95.23 1 1
gophkeeper/internal/app/sync/service.go:96.27,97.64 1 1
gophkeeper/internal/app/sync/service.go:97.64,98.42 1 1
gophkeeper/internal/app/sync/service.go:98.42,99.10 1 1
gophkeeper/internal/app/sync/service.go:101.4,101.21 1 1
gophkeeper/internal/app/sync/service.go:103.27,113.58 2 1
gophkeeper/internal/app/sync/service.go:113.58,115.4 1 1
gophkeeper/internal/app/sync/service.go:116.10,117.50 1 1
gophkeeper/internal/app/sync/service.go:120.2,121.54 2 1
gophkeeper/internal/app/sync/service.go:121.54,123.3 1 1
gophkeeper/internal/app/sync/service.go:125.2,125.18 1 1
gophkeeper/internal/transport/secure/client.go:11.83,13.16 2 1
gophkeeper/internal/transport/secure/client.go:13.16,15.3 1 0
gophkeeper/internal/transport/secure/client.go:16.2,17.22 2 1
gophkeeper/internal/transport/secure/client.go:17.22,19.3 1 0
gophkeeper/internal/transport/secure/client.go:20.2,20.22 1 1
gophkeeper/internal/transport/secure/client.go:20.22,22.3 1 1
gophkeeper/internal/transport/secure/client.go:23.2,25.8 1 1
gophkeeper/internal/transport/secure/client.go:33.80,34.21 1 1
gophkeeper/internal/transport/secure/client.go:34.21,37.17 3 1
gophkeeper/internal/transport/secure/client.go:37.17,39.4 1 1
gophkeeper/internal/transport/secure/client.go:40.3,41.17 2 1
gophkeeper/internal/transport/secure/client.go:41.17,43.4 1 0
gophkeeper/internal/transport/secure/client.go:44.3,46.42 3 1
gophkeeper/internal/transport/secure/client.go:48.2,51.16 3 1
gophkeeper/internal/transport/secure/client.go:51.16,53.3 1 0
gophkeeper/internal/transport/secure/client.go:54.2,54.45 1 1
gophkeeper/internal/transport/secure/client.go:54.45,56.3 1 1
gophkeeper/internal/transport/secure/client.go:57.2,58.16 2 1
gophkeeper/internal/transport/secure/client.go:58.16,61.3 2 0
gophkeeper/internal/transport/secure/client.go:62.2,64.18 3 1
gophkeeper/internal/transport/secure/client.go:67.74,69.16 2 1
gophkeeper/internal/transport/secure/client.go:69.16,71.3 1 1
gophkeeper/internal/transport/secure/client.go:72.2,73.16 2 1
gophkeeper/internal/transport/secure/client.go:73.16,75.3 1 0
gophkeeper/internal/transport/secure/client.go:76.2,76.30 1 1
gophkeeper/internal/transport/secure/crypto.go:18.45,20.17 2 1
gophkeeper/internal/transport/secure/crypto.go:20.17,22.3 1 1
gophkeeper/internal/transport/secure/crypto.go:24.2,25.16 2 1
gophkeeper/internal/transport/secure/crypto.go:25.16,26.35 1 1
gophkeeper/internal/transport/secure/crypto.go:26.35,28.4 1 1
gophkeeper/internal/transport/secure/crypto.go:31.2,32.30 2 1
gophkeeper/internal/transport/secure/crypto.go:32.30,34.3 1 1
gophkeeper/internal/transport/secure/crypto.go:35.2,35.56 1 1
gophkeeper/internal/transport/secure/crypto.go:38.38,40.2 1 1
gophkeeper/internal/transport/secure/crypto.go:42.60,43.25 1 1
gophkeeper/internal/transport/secure/crypto.go:43.25,45.3 1 0
gophkeeper/internal/transport/secure/crypto.go:46.2,47.16 2 1
gophkeeper/internal/transport/secure/crypto.go:47.16,49.3 1 0
gophkeeper/internal/transport/secure/crypto.go:50.2,51.16 2 1
gophkeeper/internal/transport/secure/crypto.go:51.16,53.3 1 0
gophkeeper/internal/transport/secure/crypto.go:54.2,55.59 2 1
gophkeeper/internal/transport/secure/crypto.go:55.59,57.3 1 0
gophkeeper/internal/transport/secure/crypto.go:58.2,59.42 2 1
gophkeeper/internal/transport/secure/crypto.go:62.55,63.20 1 1
gophkeeper/internal/transport/secure/crypto.go:63.20,65.3 1 0
gophkeeper/internal/transport/secure/crypto.go:66.2,67.16 2 1
gophkeeper/internal/transport/secure/crypto.go:67.16,69.3 1 1
gophkeeper/internal/transport/secure/crypto.go:70.2,71.16 2 1
gophkeeper/internal/transport/secure/crypto.go:71.16,73.3 1 0
gophkeeper/internal/transport/secure/crypto.go:74.2,74.33 1 1
gophkeeper/internal/transport/secure/crypto.go:74.33,76.3 1 1
gophkeeper/internal/transport/secure/crypto.go:77.2,79.46 3 1
gophkeeper/internal/transport/secure/crypto.go:82.40,83.20 1 1
gophkeeper/internal/transport/secure/crypto.go:83.20,85.3 1 0
gophkeeper/internal/transport/secure/crypto.go:86.2,88.12 3 1
gophkeeper/internal/transport/secure/crypto.go:91.49,92.20 1 1
gophkeeper/internal/transport/secure/crypto.go:92.20,94.3 1 0
gophkeeper/internal/transport/secure/crypto.go:95.2,97.16 3 1
gophkeeper/internal/transport/secure/crypto.go:97.16,99.3 1 0
gophkeeper/internal/transport/secure/crypto.go:100.2,100.21 1 1
gophkeeper/internal/transport/secure/server.go:16.64,18.16 2 1
gophkeeper/internal/transport/secure/server.go:18.16,20.3 1 0
gophkeeper/internal/transport/secure/server.go:21.2,21.22 1 1
gophkeeper/internal/transport/secure/server.go:21.22,23.3 1 1
gophkeeper/internal/transport/secure/server.go:25.2,25.41 1 1
gophkeeper/internal/transport/secure/server.go:25.41,26.41 1 1
gophkeeper/internal/transport/secure/server.go:26.41,29.4 2 1
gophkeeper/internal/transport/secure/server.go:31.3,31.60 1 1
gophkeeper/internal/transport/secure/server.go:31.60,33.18 2 1
gophkeeper/internal/transport/secure/server.go:33.18,36.5 2 0
gophkeeper/internal/transport/secure/server.go:37.4,38.18 2 1
gophkeeper/internal/transport/secure/server.go:38.18,41.5 2 0
gophkeeper/internal/transport/secure/server.go:42.4,43.18 2 1
gophkeeper/internal/transport/secure/server.go:43.18,46.5 2 1
gophkeeper/internal/transport/secure/server.go:47.4,48.47 2 1
gophkeeper/internal/transport/secure/server.go:51.3,58.17 6 1
gophkeeper/internal/transport/secure/server.go:58.17,63.4 4 0
gophkeeper/internal/transport/secure/server.go:64.3,66.23 3 1
gophkeeper/internal/transport/secure/server.go:66.23,68.4 1 1
gophkeeper/internal/transport/secure/server.go:69.3,70.18 2 1
gophkeeper/internal/transport/secure/server.go:70.18,72.4 1 0
gophkeeper/internal/transport/secure/server.go:73.3,74.23 2 1
gophkeeper/internal/transport/secure/server.go:74.23,76.4 1 1
gophkeeper/internal/transport/secure/server.go:86.49,88.2 1 1
gophkeeper/internal/transport/secure/server.go:90.57,92.2 1 1
gophkeeper/internal/transport/secure/server.go:94.60,96.2 1 1
gophkeeper/internal/transport/tlsconfig/config.go:25.71,26.23 1 1
gophkeeper/internal/transport/tlsconfig/config.go:26.23,28.3 1 1
gophkeeper/internal/transport/tlsconfig/config.go:29.2,29.55 1 1
gophkeeper/internal/transport/tlsconfig/config.go:29.55,31.3 1 1
gophkeeper/internal/transport/tlsconfig/config.go:33.2,38.29 2 1
gophkeeper/internal/transport/tlsconfig/config.go:38.29,40.17 2 1
gophkeeper/internal/transport/tlsconfig/config.go:40.17,42.4 1 0
gophkeeper/internal/transport/tlsconfig/config.go:43.3,44.40 2 1
gophkeeper/internal/transport/tlsconfig/config.go:44.40,46.4 1 0
gophkeeper/internal/transport/tlsconfig/config.go:47.3,48.56 2 1
gophkeeper/internal/transport/tlsconfig/config.go:51.2,51.23 1 1
gophkeeper/internal/transport/tlsconfig/config.go:55.71,60.33 2 1
gophkeeper/internal/transport/tlsconfig/config.go:60.33,62.3 1 1
gophkeeper/internal/transport/tlsconfig/config.go:63.2,63.27 1 1
gophkeeper/internal/transport/tlsconfig/config.go:63.27,65.17 2 1
gophkeeper/internal/transport/tlsconfig/config.go:65.17,67.4 1 0
gophkeeper/internal/transport/tlsconfig/config.go:68.3,69.40 2 1
gophkeeper/internal/transport/tlsconfig/config.go:69.40,71.4 1 0
gophkeeper/internal/transport/tlsconfig/config.go:72.3,72.27 1 1
gophkeeper/internal/transport/tlsconfig/config.go:74.2,74.23 1 1
gophkeeper/internal/client/config.go:26.37,27.65 1 1
gophkeeper/internal/client/config.go:27.65,29.3 1 1
gophkeeper/internal/client/config.go:30.2,30.11 1 1
gophkeeper/internal/client/config.go:34.33,36.16 2 1
gophkeeper/internal/client/config.go:36.16,38.3 1 0
gophkeeper/internal/client/config.go:39.2,39.68 1 1
gophkeeper/internal/client/config.go:43.50,47.20 3 1
gophkeeper/internal/client/config.go:47.20,49.3 1 0
gophkeeper/internal/client/config.go:51.2,52.16 2 1
gophkeeper/internal/client/config.go:52.16,53.25 1 1
gophkeeper/internal/client/config.go:53.25,55.4 1 1
gophkeeper/internal/client/config.go:56.3,56.18 1 0
gophkeeper/internal/client/config.go:59.2,59.51 1 1
gophkeeper/internal/client/config.go:59.51,61.3 1 0
gophkeeper/internal/client/config.go:62.2,62.23 1 1
gophkeeper/internal/client/config.go:62.23,64.3 1 0
gophkeeper/internal/client/config.go:65.2,68.17 4 1
gophkeeper/internal/client/module.go:40.29,42.2 1 1
gophkeeper/internal/client/module.go:44.29,46.2 1 1
gophkeeper/internal/client/module.go:48.29,50.2 1 1
gophkeeper/internal/client/module.go:52.35,54.2 1 1
gophkeeper/internal/client/module.go:56.58,58.2 1 1
gophkeeper/internal/client/module.go:60.62,65.2 1 1
gophkeeper/internal/client/module.go:67.68,68.12 1 1
gophkeeper/internal/client/module.go:68.12,71.3 2 1
gophkeeper/internal/client/runner.go:34.121,36.2 1 1
gophkeeper/internal/client/runner.go:39.49,40.21 1 1
gophkeeper/internal/client/runner.go:40.21,43.3 2 1
gophkeeper/internal/client/runner.go:45.2,45.19 1 1
gophkeeper/internal/client/runner.go:46.14,47.39 1 1
gophkeeper/internal/client/runner.go:48.17,49.42 1 1
gophkeeper/internal/client/runner.go:50.14,51.39 1 1
gophkeeper/internal/client/runner.go:52.16,53.41 1 1
gophkeeper/internal/client/runner.go:54.10,56.54 2 1
gophkeeper/internal/client/runner.go:60.62,61.68 1 1
gophkeeper/internal/client/runner.go:61.68,62.24 1 1
gophkeeper/internal/client/runner.go:62.24,64.4 1 1
gophkeeper/internal/client/runner.go:65.3,65.85 1 1
gophkeeper/internal/client/runner.go:69.71,70.19 1 1
gophkeeper/internal/client/runner.go:70.19,73.3 2 1
gophkeeper/internal/client/runner.go:75.2,75.17 1 1
gophkeeper/internal/client/runner.go:76.18,81.44 5 1
gophkeeper/internal/client/runner.go:81.44,83.4 1 0
gophkeeper/internal/client/runner.go:84.3,84.101 1 1
gophkeeper/internal/client/runner.go:84.101,86.4 1 0
gophkeeper/internal/client/runner.go:88.3,89.17 2 1
gophkeeper/internal/client/runner.go:89.17,91.4 1 0
gophkeeper/internal/client/runner.go:92.3,93.17 2 1
gophkeeper/internal/client/runner.go:93.17,95.4 1 0
gophkeeper/internal/client/runner.go:96.3,96.69 1 1
gophkeeper/internal/client/runner.go:97.15,102.44 5 1
gophkeeper/internal/client/runner.go:102.44,104.4 1 0
gophkeeper/internal/client/runner.go:105.3,105.101 1 1
gophkeeper/internal/client/runner.go:105.101,107.4 1 0
gophkeeper/internal/client/runner.go:109.3,110.17 2 1
gophkeeper/internal/client/runner.go:110.17,112.4 1 0
gophkeeper/internal/client/runner.go:113.3,114.17 2 1
gophkeeper/internal/client/runner.go:114.17,116.4 1 0
gophkeeper/internal/client/runner.go:117.3,117.69 1 1
gophkeeper/internal/client/runner.go:118.18,122.44 4 1
gophkeeper/internal/client/runner.go:122.44,124.4 1 0
gophkeeper/internal/client/runner.go:125.3,126.72 2 1
gophkeeper/internal/client/runner.go:126.72,128.4 1 1
gophkeeper/internal/client/runner.go:130.3,131.17 2 1
gophkeeper/internal/client/runner.go:131.17,133.4 1 0
gophkeeper/internal/client/runner.go:134.3,135.17 2 1
gophkeeper/internal/client/runner.go:135.17,137.4 1 0
gophkeeper/internal/client/runner.go:138.3,138.69 1 1
gophkeeper/internal/client/runner.go:139.10,141.57 2 1
gophkeeper/internal/client/runner.go:145.74,146.19 1 1
gophkeeper/internal/client/runner.go:146.19,149.3 2 1
gophkeeper/internal/client/runner.go:151.2,151.17 1 1
gophkeeper/internal/client/runner.go:152.14,161.44 9 1
gophkeeper/internal/client/runner.go:161.44,163.4 1 0
gophkeeper/internal/client/runner.go:165.3,166.72 2 1
gophkeeper/internal/client/runner.go:166.72,168.4 1 1
gophkeeper/internal/client/runner.go:170.3,171.24 2 1
gophkeeper/internal/client/runner.go:171.24,174.4 2 1
gophkeeper/internal/client/runner.go:175.3,175.17 1 1
gophkeeper/internal/client/runner.go:175.17,177.4 1 1
gophkeeper/internal/client/runner.go:178.3,178.19 1 1
gophkeeper/internal/client/runner.go:178.19,180.4 1 1
gophkeeper/internal/client/runner.go:181.3,181.17 1 1
gophkeeper/internal/client/runner.go:181.17,184.4 2 1
gophkeeper/internal/client/runner.go:185.3,185.18 1 1
gophkeeper/internal/client/runner.go:185.18,188.4 2 1
gophkeeper/internal/client/runner.go:190.3,191.17 2 1
gophkeeper/internal/client/runner.go:191.17,193.4 1 0
gophkeeper/internal/client/runner.go:194.3,195.17 2 1
gophkeeper/internal/client/runner.go:195.17,197.4 1 0
gophkeeper/internal/client/runner.go:198.3,198.69 1 1
gophkeeper/internal/client/runner.go:199.13,204.44 5 1
gophkeeper/internal/client/runner.go:204.44,206.4 1 0
[...]
gophkeeper/internal/config/config.go:53.33,55.16 2 1
gophkeeper/internal/config/config.go:55.16,57.3 1 0
gophkeeper/internal/config/config.go:58.2,58.68 1 1
gophkeeper/internal/config/config.go:62.44,66.20 3 1
gophkeeper/internal/config/config.go:66.20,68.3 1 1
gophkeeper/internal/config/config.go:70.2,71.16 2 1
gophkeeper/internal/config/config.go:71.16,72.26 1 1
gophkeeper/internal/config/config.go:72.26,74.4 1 0
gophkeeper/internal/config/config.go:75.8,75.58 1 1
gophkeeper/internal/config/config.go:75.58,77.3 1 1
gophkeeper/internal/config/config.go:79.2,80.17 2 1
gophkeeper/internal/config/config.go:83.29,107.2 1 1
gophkeeper/internal/config/config.go:109.37,129.2 19 1
gophkeeper/internal/config/module.go:14.50,14.98 1 0
gophkeeper/internal/config/module.go:15.55,22.3 1 0
gophkeeper/internal/configutil/env.go:13.67,15.24 2 1
gophkeeper/internal/configutil/env.go:15.24,17.3 1 1
gophkeeper/internal/configutil/env.go:18.2,19.16 2 1
gophkeeper/internal/configutil/env.go:19.16,21.3 1 1
gophkeeper/internal/configutil/env.go:22.2,23.13 2 1
gophkeeper/internal/configutil/env.go:27.48,29.2 1 1
gophkeeper/internal/configutil/env.go:32.44,34.2 1 1
gophkeeper/internal/configutil/env.go:37.57,39.2 1 1
gophkeeper/internal/migrate/module.go:24.73,26.44 1 1
gophkeeper/internal/migrate/module.go:26.44,27.25 1 1
gophkeeper/internal/migrate/module.go:27.25,29.5 1 1
gophkeeper/internal/migrate/module.go:30.4,30.17 1 1
gophkeeper/internal/migrate/module.go:30.17,32.5 1 1
gophkeeper/internal/migrate/module.go:33.4,34.18 2 0
gophkeeper/internal/migrate/module.go:34.18,36.5 1 0
gophkeeper/internal/migrate/module.go:37.4,38.18 2 0
gophkeeper/internal/migrate/module.go:38.18,40.5 1 0
gophkeeper/internal/migrate/module.go:41.4,41.73 1 0
gophkeeper/internal/migrate/module.go:41.73,43.5 1 0
gophkeeper/internal/migrate/module.go:44.4,44.14 1 0
gophkeeper/internal/migrate/module.go:49.42,51.2 1 1
gophkeeper/internal/server/module.go:23.97,32.2 1 1
gophkeeper/internal/server/module.go:35.94,37.44 1 1
gophkeeper/internal/server/module.go:37.44,38.14 1 1
gophkeeper/internal/server/module.go:38.14,40.23 2 1
gophkeeper/internal/server/module.go:40.23,42.6 1 1
gophkeeper/internal/server/module.go:42.11,44.6 1 1
gophkeeper/internal/server/module.go:45.5,45.50 1 1
gophkeeper/internal/server/module.go:45.50,47.6 1 1
gophkeeper/internal/server/module.go:49.4,50.14 2 1
gophkeeper/internal/server/module.go:52.43,54.4 1 1
gophkeeper/internal/transport/httpapi/mapper.go:10.44,12.2 1 1
gophkeeper/internal/transport/httpapi/mapper.go:14.56,16.2 1 1
gophkeeper/internal/transport/httpapi/mapper.go:18.57,25.2 1 1
gophkeeper/internal/transport/httpapi/mapper.go:27.55,34.2 1 1
gophkeeper/internal/transport/httpapi/mapper.go:36.89,37.20 1 1
gophkeeper/internal/transport/httpapi/mapper.go:38.18,40.17 2 1
gophkeeper/internal/transport/httpapi/mapper.go:40.17,42.4 1 0
gophkeeper/internal/transport/httpapi/mapper.go:43.3,43.48 1 1
gophkeeper/internal/transport/httpapi/mapper.go:43.48,45.4 1 1
gophkeeper/internal/transport/httpapi/mapper.go:46.3,46.85 1 1
gophkeeper/internal/transport/httpapi/mapper.go:47.12,49.17 2 1
gophkeeper/internal/transport/httpapi/mapper.go:49.17,51.4 1 0
gophkeeper/internal/transport/httpapi/mapper.go:52.3,52.51 1 1
gophkeeper/internal/transport/httpapi/mapper.go:53.14,55.17 2 1
gophkeeper/internal/transport/httpapi/mapper.go:55.17,57.4 1 0
gophkeeper/internal/transport/httpapi/mapper.go:58.3,58.53 1 1
gophkeeper/internal/transport/httpapi/mapper.go:59.16,61.17 2 1
gophkeeper/internal/transport/httpapi/mapper.go:61.17,63.4 1 0
gophkeeper/internal/transport/httpapi/mapper.go:64.3,64.95 1 1
gophkeeper/internal/transport/httpapi/mapper.go:64.95,66.4 1 1
gophkeeper/internal/transport/httpapi/mapper.go:67.3,67.133 1 1
gophkeeper/internal/transport/httpapi/mapper.go:68.10,69.65 1 1
gophkeeper/internal/transport/httpapi/mapper.go:73.64,75.33 2 1
gophkeeper/internal/transport/httpapi/mapper.go:76.32,78.21 2 1
gophkeeper/internal/transport/httpapi/mapper.go:79.26,81.21 2 1
gophkeeper/internal/transport/httpapi/mapper.go:82.28,84.21 2 1
gophkeeper/internal/transport/httpapi/mapper.go:85.30,87.21 2 1
gophkeeper/internal/transport/httpapi/mapper.go:88.10,89.59 1 1
gophkeeper/internal/transport/httpapi/mapper.go:93.65,94.20 1 1
gophkeeper/internal/transport/httpapi/mapper.go:94.20,96.3 1 1
gophkeeper/internal/transport/httpapi/mapper.go:97.2,98.16 2 1
gophkeeper/internal/transport/httpapi/mapper.go:98.16,100.3 1 1
gophkeeper/internal/transport/httpapi/mapper.go:102.2,108.8 1 1
gophkeeper/internal/transport/httpapi/mapper.go:111.60,113.16 2 1
gophkeeper/internal/transport/httpapi/mapper.go:113.16,115.3 1 1
gophkeeper/internal/transport/httpapi/mapper.go:117.2,125.8 1 1
gophkeeper/internal/transport/httpapi/mapper.go:128.71,131.24 3 1
gophkeeper/internal/transport/httpapi/mapper.go:131.24,133.17 2 1
gophkeeper/internal/transport/httpapi/mapper.go:133.17,135.4 1 1
gophkeeper/internal/transport/httpapi/mapper.go:138.2,147.8 1 1
gophkeeper/internal/transport/httpapi/mapper.go:150.72,152.27 2 1
gophkeeper/internal/transport/httpapi/mapper.go:152.27,154.17 2 1
gophkeeper/internal/transport/httpapi/mapper.go:154.17,156.4 1 1
gophkeeper/internal/transport/httpapi/mapper.go:157.3,157.23 1 1
gophkeeper/internal/transport/httpapi/mapper.go:160.2,170.8 2 1
gophkeeper/internal/transport/httpapi/mapper.go:173.38,174.17 1 1
gophkeeper/internal/transport/httpapi/mapper.go:174.17,176.3 1 1
gophkeeper/internal/transport/httpapi/mapper.go:177.2,177.15 1 1
gophkeeper/internal/transport/httpapi/mapper.go:180.47,181.21 1 1
gophkeeper/internal/transport/httpapi/mapper.go:181.21,183.3 1 1
gophkeeper/internal/transport/httpapi/mapper.go:184.2,184.15 1 1
gophkeeper/internal/transport/httpapi/mapper.go:187.63,188.21 1 1
gophkeeper/internal/transport/httpapi/mapper.go:188.21,190.3 1 1
gophkeeper/internal/transport/httpapi/mapper.go:191.2,191.15 1 1
gophkeeper/internal/transport/httpapi/mapper.go:194.40,195.18 1 1
gophkeeper/internal/transport/httpapi/mapper.go:195.18,197.3 1 1
gophkeeper/internal/transport/httpapi/mapper.go:198.2,198.15 1 1
gophkeeper/internal/transport/httpapi/mapper.go:201.49,202.18 1 1
gophkeeper/internal/transport/httpapi/mapper.go:202.18,204.3 1 1
gophkeeper/internal/transport/httpapi/mapper.go:205.2,205.15 1 1
gophkeeper/internal/transport/httpapi/mapper.go:208.65,209.18 1 1
gophkeeper/internal/transport/httpapi/mapper.go:209.18,211.3 1 1
gophkeeper/internal/transport/httpapi/mapper.go:212.2,212.15 1 1
gophkeeper/internal/transport/httpapi/mapper.go:215.37,216.18 1 1
gophkeeper/internal/transport/httpapi/mapper.go:216.18,218.3 1 1
gophkeeper/internal/transport/httpapi/mapper.go:219.2,219.15 1 1
gophkeeper/internal/transport/httpapi/mapper.go:222.46,223.18 1 1
gophkeeper/internal/transport/httpapi/mapper.go:223.18,225.3 1 1
gophkeeper/internal/transport/httpapi/mapper.go:226.2,226.15 1 1
gophkeeper/internal/transport/httpapi/module.go:21.42,23.3 1 1
gophkeeper/internal/transport/httpapi/module.go:25.51,27.3 1 0
gophkeeper/internal/transport/httpapi/openapi.gen.go:196.67,200.2 3 1
gophkeeper/internal/transport/httpapi/openapi.gen.go:203.68,207.2 3 1
gophkeeper/internal/transport/httpapi/openapi.gen.go:210.69,212.16 2 1
gophkeeper/internal/transport/httpapi/openapi.gen.go:212.16,214.3 1 0
gophkeeper/internal/transport/httpapi/openapi.gen.go:216.2,218.12 3 1
gophkeeper/internal/transport/httpapi/openapi.gen.go:222.55,226.2 3 1
gophkeeper/internal/transport/httpapi/openapi.gen.go:229.56,233.2 3 1
gophkeeper/internal/transport/httpapi/openapi.gen.go:236.57,238.16 2 1
gophkeeper/internal/transport/httpapi/openapi.gen.go:238.16,240.3 1 0
gophkeeper/internal/transport/httpapi/openapi.gen.go:242.2,244.12 3 1
gophkeeper/internal/transport/httpapi/openapi.gen.go:248.59,252.2 3 1
gophkeeper/internal/transport/httpapi/openapi.gen.go:255.60,259.2 3 1
gophkeeper/internal/transport/httpapi/openapi.gen.go:262.61,264.16 2 1
gophkeeper/internal/transport/httpapi/openapi.gen.go:264.16,266.3 1 0
gophkeeper/internal/transport/httpapi/openapi.gen.go:268.2,270.12 3 1
gophkeeper/internal/transport/httpapi/openapi.gen.go:274.63,278.2 3 1
gophkeeper/internal/transport/httpapi/openapi.gen.go:281.64,285.2 3 1
gophkeeper/internal/transport/httpapi/openapi.gen.go:288.65,290.16 2 1
gophkeeper/internal/transport/httpapi/openapi.gen.go:290.16,292.3 1 0
gophkeeper/internal/transport/httpapi/openapi.gen.go:294.2,296.12 3 1
gophkeeper/internal/transport/httpapi/openapi.gen.go:299.48,302.2 2 1
gophkeeper/internal/transport/httpapi/openapi.gen.go:304.49,307.2 2 1
gophkeeper/internal/transport/httpapi/openapi.gen.go:350.58,352.52 1 1
gophkeeper/internal/transport/httpapi/openapi.gen.go:352.52,354.20 2 1
gophkeeper/internal/transport/httpapi/openapi.gen.go:354.20,356.4 1 1
gophkeeper/internal/transport/httpapi/openapi.gen.go:359.2,359.22 1 1
gophkeeper/internal/transport/httpapi/openapi.gen.go:363.61,365.52 1 1
gophkeeper/internal/transport/httpapi/openapi.gen.go:365.52,367.20 2 1
gophkeeper/internal/transport/httpapi/openapi.gen.go:367.20,369.4 1 0
gophkeeper/internal/transport/httpapi/openapi.gen.go:372.2,372.25 1 1
gophkeeper/internal/transport/httpapi/openapi.gen.go:376.61,380.52 2 1
gophkeeper/internal/transport/httpapi/openapi.gen.go:380.52,382.20 2 1
gophkeeper/internal/transport/httpapi/openapi.gen.go:382.20,384.4 1 0
gophkeeper/internal/transport/httpapi/openapi.gen.go:387.2,387.25 1 1
gophkeeper/internal/transport/httpapi/openapi.gen.go:391.64,403.16 5 1
gophkeeper/internal/transport/httpapi/openapi.gen.go:403.16,406.3 2 0
gophkeeper/internal/transport/httpapi/openapi.gen.go:410.2,411.16 2 1
gophkeeper/internal/transport/httpapi/openapi.gen.go:411.16,414.3 2 0
gophkeeper/internal/transport/httpapi/openapi.gen.go:418.2,419.16 2 1
gophkeeper/internal/transport/httpapi/openapi.gen.go:419.16,422.3 2 0
gophkeeper/internal/transport/httpapi/openapi.gen.go:426.2,427.16 2 1
gophkeeper/internal/transport/httpapi/openapi.gen.go:427.16,430.3 2 0
gophkeeper/internal/transport/httpapi/openapi.gen.go:434.2,435.16 2 1
gophkeeper/internal/transport/httpapi/openapi.gen.go:435.16,438.3 2 0
gophkeeper/internal/transport/httpapi/openapi.gen.go:440.2,440.52 1 1
gophkeeper/internal/transport/httpapi/openapi.gen.go:440.52,442.20 2 1
gophkeeper/internal/transport/httpapi/openapi.gen.go:442.20,444.4 1 0
gophkeeper/internal/transport/httpapi/openapi.gen.go:447.2,447.36 1 1
gophkeeper/internal/transport/httpapi/openapi.gen.go:451.65,455.52 2 1
gophkeeper/internal/transport/httpapi/openapi.gen.go:455.52,457.20 2 1
gophkeeper/internal/transport/httpapi/openapi.gen.go:457.20,459.4 1 0
gophkeeper/internal/transport/httpapi/openapi.gen.go:462.2,462.29 1 1
gophkeeper/internal/transport/httpapi/openapi.gen.go:466.65,474.16 4 1
gophkeeper/internal/transport/httpapi/openapi.gen.go:474.16,477.3 2 0
gophkeeper/internal/transport/httpapi/openapi.gen.go:479.2,481.52 2 1
gophkeeper/internal/transport/httpapi/openapi.gen.go:481.52,483.20 2 1
gophkeeper/internal/transport/httpapi/openapi.gen.go:483.20,485.4 1 0
gophkeeper/internal/transport/httpapi/openapi.gen.go:488.2,488.33 1 1
gophkeeper/internal/transport/httpapi/openapi.gen.go:492.62,500.16 4 1
gophkeeper/internal/transport/httpapi/openapi.gen.go:500.16,503.3 2 0
gophkeeper/internal/transport/httpapi/openapi.gen.go:505.2,507.52 2 1
gophkeeper/internal/transport/httpapi/openapi.gen.go:507.52,509.20 2 1
gophkeeper/internal/transport/httpapi/openapi.gen.go:509.20,511.4 1 0
gophkeeper/internal/transport/httpapi/openapi.gen.go:514.2,514.30 1 1
gophkeeper/internal/transport/httpapi/openapi.gen.go:518.61,530.16 5 1
gophkeeper/internal/transport/httpapi/openapi.gen.go:530.16,533.3 2 0
gophkeeper/internal/transport/httpapi/openapi.gen.go:537.2,538.16 2 1
gophkeeper/internal/transport/httpapi/openapi.gen.go:538.16,541.3 2 0
gophkeeper/internal/transport/httpapi/openapi.gen.go:543.2,543.52 1 1
gophkeeper/internal/transport/httpapi/openapi.gen.go:543.52,545.20 2 1
gophkeeper/internal/transport/httpapi/openapi.gen.go:545.20,547.4 1 0
gophkeeper/internal/transport/httpapi/openapi.gen.go:550.2,550.33 1 1
gophkeeper/internal/transport/httpapi/openapi.gen.go:554.61,558.52 2 1
gophkeeper/internal/transport/httpapi/openapi.gen.go:558.52,560.20 2 1
gophkeeper/internal/transport/httpapi/openapi.gen.go:560.20,562.4 1 0
gophkeeper/internal/transport/httpapi/openapi.gen.go:565.2,565.25 1 1
gophkeeper/internal/transport/httpapi/openapi.gen.go:576.63,578.2 1 1
gophkeeper/internal/transport/httpapi/openapi.gen.go:581.100,583.25 2 1
gophkeeper/internal/transport/httpapi/openapi.gen.go:583.25,584.66 1 1
gophkeeper/internal/transport/httpapi/openapi.gen.go:584.66,586.4 1 0
gophkeeper/internal/transport/httpapi/openapi.gen.go:589.2,603.59 10 1
gophkeeper/internal/transport/httpapi/router.go:19.44,22.21 3 1
gophkeeper/internal/transport/httpapi/router.go:22.21,24.3 1 0
gophkeeper/internal/transport/httpapi/router.go:25.2,25.25 1 1
gophkeeper/internal/transport/httpapi/router.go:25.25,27.3 1 1
gophkeeper/internal/transport/httpapi/router.go:29.2,32.15 3 1
gophkeeper/internal/transport/httpapi/server.go:31.110,33.2 1 1
gophkeeper/internal/transport/httpapi/server.go:35.43,37.52 2 1
gophkeeper/internal/transport/httpapi/server.go:37.52,40.3 2 1
gophkeeper/internal/transport/httpapi/server.go:42.2,43.16 2 1
gophkeeper/internal/transport/httpapi/server.go:43.16,46.3 2 1
gophkeeper/internal/transport/httpapi/server.go:48.2,48.51 1 1
gophkeeper/internal/transport/httpapi/server.go:51.40,53.52 2 1
gophkeeper/internal/transport/httpapi/server.go:53.52,56.3 2 0
gophkeeper/internal/transport/httpapi/server.go:58.2,59.16 2 1
gophkeeper/internal/transport/httpapi/server.go:59.16,62.3 2 1
gophkeeper/internal/transport/httpapi/server.go:64.2,64.57 1 1
gophkeeper/internal/transport/httpapi/server.go:67.43,69.16 2 1
gophkeeper/internal/transport/httpapi/server.go:69.16,72.3 2 1
gophkeeper/internal/transport/httpapi/server.go:74.2,75.16 2 1
gophkeeper/internal/transport/httpapi/server.go:75.16,78.3 2 0
gophkeeper/internal/transport/httpapi/server.go:80.2,80.57 1 1
gophkeeper/internal/transport/httpapi/server.go:83.72,85.16 2 1
gophkeeper/internal/transport/httpapi/server.go:85.16,88.3 2 1
gophkeeper/internal/transport/httpapi/server.go:90.2,100.16 3 1
gophkeeper/internal/transport/httpapi/server.go:100.16,103.3 2 1
gophkeeper/internal/transport/httpapi/server.go:105.2,106.33 2 1
gophkeeper/internal/transport/httpapi/server.go:106.33,108.17 2 1
gophkeeper/internal/transport/httpapi/server.go:108.17,111.4 2 1
gophkeeper/internal/transport/httpapi/server.go:112.3,112.35 1 1
gophkeeper/internal/transport/httpapi/server.go:115.2,115.39 1 1
gophkeeper/internal/transport/httpapi/server.go:118.47,120.16 2 1
gophkeeper/internal/transport/httpapi/server.go:120.16,123.3 2 0
gophkeeper/internal/transport/httpapi/server.go:125.2,126.52 2 1
gophkeeper/internal/transport/httpapi/server.go:126.52,129.3 2 1
gophkeeper/internal/transport/httpapi/server.go:131.2,132.16 2 1
gophkeeper/internal/transport/httpapi/server.go:132.16,135.3 2 1
gophkeeper/internal/transport/httpapi/server.go:137.2,138.16 2 1
gophkeeper/internal/transport/httpapi/server.go:138.16,141.3 2 0
gophkeeper/internal/transport/httpapi/server.go:143.2,144.16 2 1
gophkeeper/internal/transport/httpapi/server.go:144.16,147.3 2 0
gophkeeper/internal/transport/httpapi/server.go:149.2,149.39 1 1
gophkeeper/internal/transport/httpapi/server.go:152.55,154.16 2 1
gophkeeper/internal/transport/httpapi/server.go:154.16,157.3 2 1
gophkeeper/internal/transport/httpapi/server.go:159.2,160.16 2 1
gophkeeper/internal/transport/httpapi/server.go:160.16,163.3 2 1
gophkeeper/internal/transport/httpapi/server.go:165.2,166.16 2 1
gophkeeper/internal/transport/httpapi/server.go:166.16,169.3 2 0
gophkeeper/internal/transport/httpapi/server.go:171.2,171.39 1 1
gophkeeper/internal/transport/httpapi/server.go:174.58,176.16 2 1
gophkeeper/internal/transport/httpapi/server.go:176.16,179.3 2 0
gophkeeper/internal/transport/httpapi/server.go:181.2,181.67 1 1
gophkeeper/internal/transport/httpapi/server.go:181.67,184.3 2 1
gophkeeper/internal/transport/httpapi/server.go:186.2,186.32 1 1
gophkeeper/internal/transport/httpapi/server.go:189.66,191.16 2 1
gophkeeper/internal/transport/httpapi/server.go:191.16,194.3 2 0
gophkeeper/internal/transport/httpapi/server.go:196.2,200.16 4 1
gophkeeper/internal/transport/httpapi/server.go:200.16,203.3 2 1
gophkeeper/internal/transport/httpapi/server.go:205.2,206.39 2 1
gophkeeper/internal/transport/httpapi/server.go:206.39,208.17 2 1
gophkeeper/internal/transport/httpapi/server.go:208.17,211.4 2 1
gophkeeper/internal/transport/httpapi/server.go:212.3,212.33 1 0
gophkeeper/internal/transport/httpapi/server.go:215.2,215.88 1 1
gophkeeper/internal/transport/httpapi/server.go:218.43,220.16 2 1
gophkeeper/internal/transport/httpapi/server.go:220.16,223.3 2 1
gophkeeper/internal/transport/httpapi/server.go:225.2,226.52 2 1
gophkeeper/internal/transport/httpapi/server.go:226.52,229.3 2 0
gophkeeper/internal/transport/httpapi/server.go:231.2,232.34 2 1
gophkeeper/internal/transport/httpapi/server.go:232.34,234.17 2 1
gophkeeper/internal/transport/httpapi/server.go:234.17,237.4 2 1
gophkeeper/internal/transport/httpapi/server.go:238.3,238.36 1 0
gophkeeper/internal/transport/httpapi/server.go:241.2,242.16 2 1
gophkeeper/internal/transport/httpapi/server.go:242.16,245.3 2 1
gophkeeper/internal/transport/httpapi/server.go:247.2,247.150 1 1
gophkeeper/internal/transport/httpapi/server.go:250.72,252.16 2 1
gophkeeper/internal/transport/httpapi/server.go:252.16,254.3 1 0
gophkeeper/internal/transport/httpapi/server.go:255.2,256.16 2 1
gophkeeper/internal/transport/httpapi/server.go:256.16,258.3 1 1
gophkeeper/internal/transport/httpapi/server.go:259.2,259.65 1 1
gophkeeper/internal/transport/httpapi/server.go:262.50,264.17 2 1
gophkeeper/internal/transport/httpapi/server.go:264.17,266.3 1 1
gophkeeper/internal/transport/httpapi/server.go:267.2,268.39 2 1
gophkeeper/internal/transport/httpapi/server.go:268.39,270.3 1 1
gophkeeper/internal/transport/httpapi/server.go:271.2,271.66 1 1
gophkeeper/internal/transport/httpapi/server.go:274.49,279.2 4 1
gophkeeper/internal/transport/httpapi/server.go:281.55,285.2 3 1
gophkeeper/internal/transport/httpapi/server.go:287.56,289.2 1 1
gophkeeper/internal/transport/httpapi/server.go:291.50,292.9 1 1
gophkeeper/internal/transport/httpapi/server.go:293.46,294.46 1 1
gophkeeper/internal/transport/httpapi/server.go:295.42,296.42 1 1
gophkeeper/internal/transport/httpapi/server.go:297.42,298.42 1 1
gophkeeper/internal/transport/httpapi/server.go:299.10,300.53 1 1
gophkeeper/internal/transport/httpapi/server.go:304.51,306.25 2 1
gophkeeper/internal/transport/httpapi/server.go:306.25,308.3 1 1
gophkeeper/internal/transport/httpapi/server.go:309.2,309.15 1 1
gophkeeper/internal/transport/httpapi/server.go:312.37,313.18 1 1
gophkeeper/internal/transport/httpapi/server.go:313.18,315.3 1 1
gophkeeper/internal/transport/httpapi/server.go:316.2,316.15 1 1
gophkeeper/internal/transport/httpapi/server.go:319.52,320.18 1 1
gophkeeper/internal/transport/httpapi/server.go:320.18,322.3 1 1
gophkeeper/internal/transport/httpapi/server.go:323.2,323.15 1 1
gophkeeper/internal/ports/outbound/iterators.go:18.60,20.2 1 0
gophkeeper/internal/ports/outbound/iterators.go:23.72,25.34 2 0
gophkeeper/internal/ports/outbound/iterators.go:25.34,27.3 1 0
gophkeeper/internal/ports/outbound/iterators.go:28.2,28.32 1 0
gophkeeper/internal/ports/outbound/iterators.go:28.32,30.3 1 0
gophkeeper/internal/ports/outbound/iterators.go:31.2,33.25 3 0
gophkeeper/internal/ports/outbound/iterators.go:37.43,39.2 1 0
gophkeeper/internal/ports/outbound/iterators.go:42.71,45.6 3 0
gophkeeper/internal/ports/outbound/iterators.go:45.6,47.17 2 0
gophkeeper/internal/ports/outbound/iterators.go:47.17,49.4 1 0
gophkeeper/internal/ports/outbound/iterators.go:50.3,50.10 1 0
gophkeeper/internal/ports/outbound/iterators.go:50.10,52.4 1 0
gophkeeper/internal/ports/outbound/iterators.go:53.3,53.33 1 0
